------------------------------------------------------------------------------------------------------------------------

[2022-12-16 14:49:44 #1 store] 
Database 'D:\MODULO Acceso a Datos\WORKSPACE Eclipse Java\UD1 - Ejemplos ObjectDB [Eclipse Java]\data\campeonato.odb' is opened by 11944@PC-FERNANDO

[2022-12-16 14:49:44 #2 store] 
Configuration path: ?

[2022-12-16 14:49:44 #3 type] 
Type modelo.Jugador is not enhanced.

[2022-12-16 14:49:44 #4 type] 
Type modelo.Equipo is not enhanced.

[2022-12-16 14:49:44 #5 type] 
Type modelo.Partido is not enhanced.

[2022-12-16 14:49:44 #6 store] 
Database 'D:\MODULO Acceso a Datos\WORKSPACE Eclipse Java\UD1 - Ejemplos ObjectDB [Eclipse Java]\data\campeonato.odb' is closed by 11944@PC-FERNANDO

------------------------------------------------------------------------------------------------------------------------

[2022-12-16 15:02:25 #1 store] 
Database 'D:\MODULO Acceso a Datos\WORKSPACE Eclipse Java\UD1 - Ejemplos ObjectDB [Eclipse Java]\data\campeonato.odb' is opened by 14592@PC-FERNANDO

[2022-12-16 15:02:25 #2 store] 
Configuration path: ?

[2022-12-16 15:02:25 #3 type] 
Type modelo.Jugador is not enhanced.

[2022-12-16 15:02:25 #4 type] 
Type modelo.Equipo is not enhanced.

[2022-12-16 15:02:25 #5 type] 
Type modelo.Partido is not enhanced.

[2022-12-16 15:02:25 #6 store] 
Database 'D:\MODULO Acceso a Datos\WORKSPACE Eclipse Java\UD1 - Ejemplos ObjectDB [Eclipse Java]\data\campeonato.odb' is closed by 14592@PC-FERNANDO

------------------------------------------------------------------------------------------------------------------------

[2022-12-16 15:05:08 #1 store] 
Database 'D:\MODULO Acceso a Datos\WORKSPACE Eclipse Java\UD1 - Ejemplos ObjectDB [Eclipse Java]\data\campeonato.odb' is opened by 2436@PC-FERNANDO

[2022-12-16 15:05:08 #2 store] 
Configuration path: ?

[2022-12-16 15:05:08 #3 type] 
Type modelo.Jugador is not enhanced.

[2022-12-16 15:05:08 #4 type] 
Type modelo.Equipo is not enhanced.

[2022-12-16 15:05:08 #5 type] 
Type modelo.Partido is not enhanced.

------------------------------------------------------------------------------------------------------------------------

[2022-12-16 15:08:51 #1 store] 
Database 'D:\MODULO Acceso a Datos\WORKSPACE Eclipse Java\UD1 - Ejemplos ObjectDB [Eclipse Java]\data\campeonato.odb' is opened by 13760@PC-FERNANDO

[2022-12-16 15:08:51 #2 store] 
Configuration path: ?

[2022-12-16 15:08:51 #3 type] 
Type modelo.Jugador is not enhanced.

[2022-12-16 15:08:51 #4 type] 
Type modelo.Equipo is not enhanced.

[2022-12-16 15:08:51 #5 type] 
Type modelo.Partido is not enhanced.

[2022-12-16 15:08:51 #6 store] 
Database 'D:\MODULO Acceso a Datos\WORKSPACE Eclipse Java\UD1 - Ejemplos ObjectDB [Eclipse Java]\data\campeonato.odb' is closed by 13760@PC-FERNANDO

------------------------------------------------------------------------------------------------------------------------

[2022-12-16 15:13:20 #1 store] 
Database 'D:\MODULO Acceso a Datos\WORKSPACE Eclipse Java\UD1 - Ejemplos ObjectDB [Eclipse Java]\data\campeonato.odb' is opened by 10968@PC-FERNANDO

[2022-12-16 15:13:20 #2 store] 
Configuration path: ?

[2022-12-16 15:13:20 #3 type] 
Type modelo.Jugador is not enhanced.

[2022-12-16 15:13:20 #4 type] 
Type modelo.Equipo is not enhanced.

[2022-12-16 15:13:20 #5 type] 
Type modelo.Partido is not enhanced.

[2022-12-16 15:13:20 #6 store] 
Database 'D:\MODULO Acceso a Datos\WORKSPACE Eclipse Java\UD1 - Ejemplos ObjectDB [Eclipse Java]\data\campeonato.odb' is closed by 10968@PC-FERNANDO

------------------------------------------------------------------------------------------------------------------------

[2022-12-16 15:13:45 #1 store] 
Database 'D:\MODULO Acceso a Datos\WORKSPACE Eclipse Java\UD1 - Ejemplos ObjectDB [Eclipse Java]\data\campeonato.odb' is opened by 11284@PC-FERNANDO

[2022-12-16 15:13:45 #2 store] 
Configuration path: ?

[2022-12-16 15:13:45 #3 type] 
Type modelo.Jugador is not enhanced.

[2022-12-16 15:13:45 #4 type] 
Type modelo.Equipo is not enhanced.

[2022-12-16 15:13:45 #5 type] 
Type modelo.Partido is not enhanced.

[2022-12-16 15:13:45 #6 store] 
Database 'D:\MODULO Acceso a Datos\WORKSPACE Eclipse Java\UD1 - Ejemplos ObjectDB [Eclipse Java]\data\campeonato.odb' is closed by 11284@PC-FERNANDO

