------------------------------------------------------------------------------------------------------------------------

[2022-12-19 20:00:50 #1 store.file] 
readTextFile error.

[2022-12-19 20:00:50 #2 store.file] 
java.io.FileNotFoundException: C:\Users\alu\.objectdb\exolorer.xml (El sistema no puede encontrar el archivo especificado)
	at java.base/java.io.FileInputStream.open0(Native Method)
	at java.base/java.io.FileInputStream.open(FileInputStream.java:216)
	at java.base/java.io.FileInputStream.<init>(FileInputStream.java:157)
	at java.base/java.io.FileInputStream.<init>(FileInputStream.java:111)
	at com.objectdb.o.STH.B(STH.java:731)
	at com.objectdb.o.STH.A(STH.java:715)
	at com.objectdb.o.CNF.<init>(CNF.java:106)
	at com.objectdb.o.CNF.<clinit>(CNF.java:32)
	at com.objectdb.o.MainFrame.init(MainFrame.java:132)
	at com.objectdb.o.EXA.<init>(EXA.java:77)
	at com.objectdb.Explorer$1.run(Explorer.java:57)
	at java.desktop/java.awt.event.InvocationEvent.dispatch(InvocationEvent.java:318)
	at java.desktop/java.awt.EventQueue.dispatchEventImpl(EventQueue.java:771)
	at java.desktop/java.awt.EventQueue$4.run(EventQueue.java:722)
	at java.desktop/java.awt.EventQueue$4.run(EventQueue.java:716)
	at java.base/java.security.AccessController.doPrivileged(AccessController.java:399)
	at java.base/java.security.ProtectionDomain$JavaSecurityAccessImpl.doIntersectionPrivilege(ProtectionDomain.java:86)
	at java.desktop/java.awt.EventQueue.dispatchEvent(EventQueue.java:741)
	at java.desktop/java.awt.EventDispatchThread.pumpOneEventForFilters(EventDispatchThread.java:203)
	at java.desktop/java.awt.EventDispatchThread.pumpEventsForFilter(EventDispatchThread.java:124)
	at java.desktop/java.awt.EventDispatchThread.pumpEventsForHierarchy(EventDispatchThread.java:113)
	at java.desktop/java.awt.EventDispatchThread.pumpEvents(EventDispatchThread.java:109)
	at java.desktop/java.awt.EventDispatchThread.pumpEvents(EventDispatchThread.java:101)
	at java.desktop/java.awt.EventDispatchThread.run(EventDispatchThread.java:90)

[2022-12-19 20:01:34 #3 store] 
Database 'D:\DAM2\AD\objectdb-2.8.8\db\world.odb' is opened by 11588@PC12

[2022-12-19 20:01:34 #4 store] 
Configuration path: D:\DAM2\AD\objectdb-2.8.8\objectdb.conf

[2022-12-19 20:23:24 #5 store] 
Database 'D:\DAM2\AD\objectdb-2.8.8\db\world.odb' is closed by 11588@PC12

[2022-12-19 20:24:30 #6 explorer] 
[ObjectDB 2.8.8] javax.persistence.PersistenceException
Failed to open file 'D:\DAM2\AD\workspace\UD1 - Ejemplos ObjectDB [Eclipse Java]\src\modelo' (error 115)
	at java.desktop/javax.swing.Timer.fireActionPerformed(Timer.java:311)
	at java.desktop/javax.swing.Timer$DoPostEvent.run(Timer.java:243)
	at java.desktop/java.awt.event.InvocationEvent.dispatch(InvocationEvent.java:318)
	at java.desktop/java.awt.EventQueue.dispatchEventImpl(EventQueue.java:771)
	at java.desktop/java.awt.EventQueue$4.run(EventQueue.java:722)
	at java.desktop/java.awt.EventQueue$4.run(EventQueue.java:716)
	at java.base/java.security.AccessController.doPrivileged(AccessController.java:399)
	at java.base/java.security.ProtectionDomain$JavaSecurityAccessImpl.doIntersectionPrivilege(ProtectionDomain.java:86)
	at java.desktop/java.awt.EventQueue.dispatchEvent(EventQueue.java:741)
	at java.desktop/java.awt.EventDispatchThread.pumpOneEventForFilters(EventDispatchThread.java:203)
	at java.desktop/java.awt.EventDispatchThread.pumpEventsForFilter(EventDispatchThread.java:124)
	at java.desktop/java.awt.EventDispatchThread.pumpEventsForHierarchy(EventDispatchThread.java:113)
	at java.desktop/java.awt.EventDispatchThread.pumpEvents(EventDispatchThread.java:109)
	at java.desktop/java.awt.EventDispatchThread.pumpEvents(EventDispatchThread.java:101)
	at java.desktop/java.awt.EventDispatchThread.run(EventDispatchThread.java:90)
Caused by: com.objectdb.o.UserException: Failed to open file 'D:\DAM2\AD\workspace\UD1 - Ejemplos ObjectDB [Eclipse Java]\src\modelo'
	at com.objectdb.o.MSG.a(MSG.java:77)
	at com.objectdb.o.LFL.t(LFL.java:1505)
	at com.objectdb.o.LFL.x(LFL.java:918)
	at com.objectdb.o.LFL.x(LFL.java:814)
	at com.objectdb.o.DFL.<init>(DFL.java:241)
	at com.objectdb.o.DMG.<init>(DMG.java:27)
	at com.objectdb.o.MST.<init>(MST.java:127)
	at com.objectdb.o.MST.ap(MST.java:109)
	at com.objectdb.o.MSF.Zx(MSF.java:190)
	at com.objectdb.o.OMF.s(OMF.java:805)
	at com.objectdb.jpa.EMF.s(EMF.java:130)
	at com.objectdb.o.OMF.x(OMF.java:716)
	at com.objectdb.jpa.EMF.createEntityManager(EMF.java:149)
	... 17 more
Caused by: java.io.FileNotFoundException: D:\DAM2\AD\workspace\UD1 - Ejemplos ObjectDB [Eclipse Java]\src\modelo (Acceso denegado)
	at java.base/java.io.RandomAccessFile.open0(Native Method)
	at java.base/java.io.RandomAccessFile.open(RandomAccessFile.java:344)
	at java.base/java.io.RandomAccessFile.<init>(RandomAccessFile.java:259)
	at java.base/java.io.RandomAccessFile.<init>(RandomAccessFile.java:213)
	at com.objectdb.o.LFL.x(LFL.java:901)
	... 27 more

------------------------------------------------------------------------------------------------------------------------

[2022-12-19 20:25:10 #1 store] 
Database 'D:\DAM2\AD\objectdb-2.8.8\db\world.odb' is opened by 6092@PC12

[2022-12-19 20:25:10 #2 store] 
Configuration path: D:\DAM2\AD\objectdb-2.8.8\objectdb.conf

[2022-12-19 20:25:14 #3 store] 
Database 'D:\DAM2\AD\objectdb-2.8.8\db\world.odb' is closed by 6092@PC12

[2022-12-19 20:25:24 #4 store] 
Database 'D:\DAM2\AD\workspace\UD1 - Ejemplos ObjectDB [Eclipse Java]\data\campeonato.odb' is opened by 6092@PC12

[2022-12-19 20:25:24 #5 store] 
Configuration path: D:\DAM2\AD\objectdb-2.8.8\objectdb.conf

[2022-12-19 20:27:24 #6 *] 
[ObjectDB 2.8.8] java.lang.IllegalArgumentException
Attempt to modify a primary key of a managed object [Jugador:13]: modelo.Jugador#13 (error 635)
	at java.desktop/javax.swing.JTable.columnMoved(JTable.java:4636)
	at java.desktop/javax.swing.table.DefaultTableColumnModel.fireColumnMoved(DefaultTableColumnModel.java:557)
	at java.desktop/javax.swing.table.DefaultTableColumnModel.moveColumn(DefaultTableColumnModel.java:191)
	at java.desktop/javax.swing.plaf.basic.BasicTableHeaderUI$MouseInputHandler.setDraggedDistance(BasicTableHeaderUI.java:311)
	at java.desktop/javax.swing.plaf.basic.BasicTableHeaderUI$MouseInputHandler.mouseReleased(BasicTableHeaderUI.java:281)
	at java.desktop/java.awt.AWTEventMulticaster.mouseReleased(AWTEventMulticaster.java:298)
	at java.desktop/java.awt.AWTEventMulticaster.mouseReleased(AWTEventMulticaster.java:297)
	at java.desktop/java.awt.Component.processMouseEvent(Component.java:6626)
	at java.desktop/javax.swing.JComponent.processMouseEvent(JComponent.java:3389)
	at java.desktop/java.awt.Component.processEvent(Component.java:6391)
	at java.desktop/java.awt.Container.processEvent(Container.java:2266)
	at java.desktop/java.awt.Component.dispatchEventImpl(Component.java:5001)
	at java.desktop/java.awt.Container.dispatchEventImpl(Container.java:2324)
	at java.desktop/java.awt.Component.dispatchEvent(Component.java:4833)
	at java.desktop/java.awt.LightweightDispatcher.retargetMouseEvent(Container.java:4948)
	at java.desktop/java.awt.LightweightDispatcher.processMouseEvent(Container.java:4575)
	at java.desktop/java.awt.LightweightDispatcher.dispatchEvent(Container.java:4516)
	at java.desktop/java.awt.Container.dispatchEventImpl(Container.java:2310)
	at java.desktop/java.awt.Window.dispatchEventImpl(Window.java:2780)
	at java.desktop/java.awt.Component.dispatchEvent(Component.java:4833)
	at java.desktop/java.awt.EventQueue.dispatchEventImpl(EventQueue.java:773)
	at java.desktop/java.awt.EventQueue$4.run(EventQueue.java:722)
	at java.desktop/java.awt.EventQueue$4.run(EventQueue.java:716)
	at java.base/java.security.AccessController.doPrivileged(AccessController.java:399)
	at java.base/java.security.ProtectionDomain$JavaSecurityAccessImpl.doIntersectionPrivilege(ProtectionDomain.java:86)
	at java.base/java.security.ProtectionDomain$JavaSecurityAccessImpl.doIntersectionPrivilege(ProtectionDomain.java:97)
	at java.desktop/java.awt.EventQueue$5.run(EventQueue.java:746)
	at java.desktop/java.awt.EventQueue$5.run(EventQueue.java:744)
	at java.base/java.security.AccessController.doPrivileged(AccessController.java:399)
	at java.base/java.security.ProtectionDomain$JavaSecurityAccessImpl.doIntersectionPrivilege(ProtectionDomain.java:86)
	at java.desktop/java.awt.EventQueue.dispatchEvent(EventQueue.java:743)
	at java.desktop/java.awt.EventDispatchThread.pumpOneEventForFilters(EventDispatchThread.java:203)
	at java.desktop/java.awt.EventDispatchThread.pumpEventsForFilter(EventDispatchThread.java:124)
	at java.desktop/java.awt.EventDispatchThread.pumpEventsForHierarchy(EventDispatchThread.java:113)
	at java.desktop/java.awt.EventDispatchThread.pumpEvents(EventDispatchThread.java:109)
	at java.desktop/java.awt.EventDispatchThread.pumpEvents(EventDispatchThread.java:101)
	at java.desktop/java.awt.EventDispatchThread.run(EventDispatchThread.java:90)

[2022-12-19 20:37:13 #7 store] 
Database 'D:\DAM2\AD\workspace\UD1 - Ejemplos ObjectDB [Eclipse Java]\data\campeonato.odb' is closed by 6092@PC12

