------------------------------------------------------------------------------------------------------------------------

[2023-01-16 19:40:11 #1 store] 
Database 'D:\DAM2\AD\workspace\Tema4\data\campeonato.odb' is opened by 5384@PC12

[2023-01-16 19:40:11 #2 store] 
Configuration path: ?

[2023-01-16 19:40:11 #3 type] 
Type modelo.Jugador is not enhanced.

[2023-01-16 19:40:11 #4 type] 
Type modelo.Fecha is not enhanced.

[2023-01-16 19:40:11 #5 type] 
Type modelo.Equipo is not enhanced.

[2023-01-16 19:40:11 #6 type] 
Type modelo.Partido is not enhanced.

[2023-01-16 19:40:11 #7 type] 
Type modelo.Resultado is not enhanced.

[2023-01-16 19:40:11 #8 store] 
Database 'D:\DAM2\AD\workspace\Tema4\data\campeonato.odb' is closed by 5384@PC12

[2023-01-16 19:40:17 #9 store] 
Database 'D:\DAM2\AD\workspace\Tema4\data\campeonato.odb' is opened by 5384@PC12

[2023-01-16 19:40:17 #10 store] 
Configuration path: ?

[2023-01-16 19:40:17 #11 store] 
Database 'D:\DAM2\AD\workspace\Tema4\data\campeonato.odb' is closed by 5384@PC12

[2023-01-16 19:40:24 #12 store] 
Database 'D:\DAM2\AD\workspace\Tema4\data\campeonato.odb' is opened by 5384@PC12

[2023-01-16 19:40:24 #13 store] 
Configuration path: ?

[2023-01-16 19:40:24 #14 store] 
Database 'D:\DAM2\AD\workspace\Tema4\data\campeonato.odb' is closed by 5384@PC12

------------------------------------------------------------------------------------------------------------------------

[2023-01-16 19:40:32 #1 store] 
Database 'D:\DAM2\AD\workspace\Tema4\data\campeonato.odb' is opened by 1480@PC12

[2023-01-16 19:40:32 #2 store] 
Configuration path: ?

[2023-01-16 19:40:32 #3 type] 
Type modelo.Jugador is not enhanced.

[2023-01-16 19:40:32 #4 type] 
Type modelo.Fecha is not enhanced.

[2023-01-16 19:40:32 #5 type] 
Type modelo.Equipo is not enhanced.

[2023-01-16 19:40:32 #6 type] 
Type modelo.Partido is not enhanced.

[2023-01-16 19:40:32 #7 type] 
Type modelo.Resultado is not enhanced.

[2023-01-16 19:40:32 #8 store] 
Database 'D:\DAM2\AD\workspace\Tema4\data\campeonato.odb' is closed by 1480@PC12

[2023-01-16 19:40:38 #9 store] 
Database 'D:\DAM2\AD\workspace\Tema4\data\campeonato.odb' is opened by 1480@PC12

[2023-01-16 19:40:38 #10 store] 
Configuration path: ?

[2023-01-16 19:40:38 #11 store] 
Database 'D:\DAM2\AD\workspace\Tema4\data\campeonato.odb' is closed by 1480@PC12

[2023-01-16 19:40:58 #12 store] 
Database 'D:\DAM2\AD\workspace\Tema4\data\campeonato.odb' is opened by 1480@PC12

[2023-01-16 19:40:58 #13 store] 
Configuration path: ?

[2023-01-16 19:40:58 #14 store] 
Database 'D:\DAM2\AD\workspace\Tema4\data\campeonato.odb' is closed by 1480@PC12

[2023-01-16 19:41:00 #15 store] 
Database 'D:\DAM2\AD\workspace\Tema4\data\campeonato.odb' is opened by 1480@PC12

[2023-01-16 19:41:00 #16 store] 
Configuration path: ?

[2023-01-16 19:41:00 #17 store] 
Database 'D:\DAM2\AD\workspace\Tema4\data\campeonato.odb' is closed by 1480@PC12

------------------------------------------------------------------------------------------------------------------------

[2023-01-16 19:41:51 #1 store] 
Database 'D:\DAM2\AD\workspace\Tema4\data\campeonato.odb' is opened by 6396@PC12

[2023-01-16 19:41:51 #2 store] 
Configuration path: ?

[2023-01-16 19:41:51 #3 type] 
Type modelo.Jugador is not enhanced.

[2023-01-16 19:41:51 #4 type] 
Type modelo.Fecha is not enhanced.

[2023-01-16 19:41:51 #5 type] 
Type modelo.Equipo is not enhanced.

[2023-01-16 19:41:51 #6 type] 
Type modelo.Partido is not enhanced.

[2023-01-16 19:41:51 #7 type] 
Type modelo.Resultado is not enhanced.

[2023-01-16 19:41:52 #8 store] 
Database 'D:\DAM2\AD\workspace\Tema4\data\campeonato.odb' is closed by 6396@PC12

------------------------------------------------------------------------------------------------------------------------

[2023-01-16 19:46:13 #1 store] 
Database 'D:\DAM2\AD\workspace\Tema4\data\campeonato.odb' is opened by 11528@PC12

[2023-01-16 19:46:13 #2 store] 
Configuration path: ?

[2023-01-16 19:46:13 #3 type] 
Type modelo.Jugador is not enhanced.

[2023-01-16 19:46:13 #4 type] 
Type modelo.Fecha is not enhanced.

[2023-01-16 19:46:13 #5 type] 
Type modelo.Equipo is not enhanced.

[2023-01-16 19:46:13 #6 type] 
Type modelo.Partido is not enhanced.

[2023-01-16 19:46:13 #7 type] 
Type modelo.Resultado is not enhanced.

[2023-01-16 19:46:13 #8 store] 
Database 'D:\DAM2\AD\workspace\Tema4\data\campeonato.odb' is closed by 11528@PC12

[2023-01-16 19:46:19 #9 store] 
Database 'D:\DAM2\AD\workspace\Tema4\data\campeonato.odb' is opened by 11528@PC12

[2023-01-16 19:46:19 #10 store] 
Configuration path: ?

[2023-01-16 19:46:19 #11 store] 
Database 'D:\DAM2\AD\workspace\Tema4\data\campeonato.odb' is closed by 11528@PC12

[2023-01-16 19:46:19 #12 store] 
Database 'D:\DAM2\AD\workspace\Tema4\data\campeonato.odb' is opened by 11528@PC12

[2023-01-16 19:46:19 #13 store] 
Configuration path: ?

[2023-01-16 19:46:19 #14 store] 
Database 'D:\DAM2\AD\workspace\Tema4\data\campeonato.odb' is closed by 11528@PC12

[2023-01-16 19:46:19 #15 store] 
Database 'D:\DAM2\AD\workspace\Tema4\data\campeonato.odb' is opened by 11528@PC12

[2023-01-16 19:46:19 #16 store] 
Configuration path: ?

[2023-01-16 19:46:19 #17 store] 
Database 'D:\DAM2\AD\workspace\Tema4\data\campeonato.odb' is closed by 11528@PC12

------------------------------------------------------------------------------------------------------------------------

[2023-01-16 19:47:13 #1 store] 
Database 'D:\DAM2\AD\workspace\Tema4\data\campeonato.odb' is opened by 2508@PC12

[2023-01-16 19:47:13 #2 store] 
Configuration path: ?

[2023-01-16 19:47:13 #3 type] 
Type modelo.Jugador is not enhanced.

[2023-01-16 19:47:13 #4 type] 
Type modelo.Fecha is not enhanced.

[2023-01-16 19:47:13 #5 type] 
Type modelo.Equipo is not enhanced.

[2023-01-16 19:47:13 #6 type] 
Type modelo.Partido is not enhanced.

[2023-01-16 19:47:13 #7 type] 
Type modelo.Resultado is not enhanced.

[2023-01-16 19:47:13 #8 store] 
Database 'D:\DAM2\AD\workspace\Tema4\data\campeonato.odb' is closed by 2508@PC12

[2023-01-16 19:47:20 #9 store] 
Database 'D:\DAM2\AD\workspace\Tema4\data\campeonato.odb' is opened by 2508@PC12

[2023-01-16 19:47:20 #10 store] 
Configuration path: ?

[2023-01-16 19:47:20 #11 store] 
Database 'D:\DAM2\AD\workspace\Tema4\data\campeonato.odb' is closed by 2508@PC12

[2023-01-16 19:47:23 #12 store] 
Database 'D:\DAM2\AD\workspace\Tema4\data\campeonato.odb' is opened by 2508@PC12

[2023-01-16 19:47:23 #13 store] 
Configuration path: ?

[2023-01-16 19:47:23 #14 store] 
Database 'D:\DAM2\AD\workspace\Tema4\data\campeonato.odb' is closed by 2508@PC12

[2023-01-16 19:47:23 #15 store] 
Database 'D:\DAM2\AD\workspace\Tema4\data\campeonato.odb' is opened by 2508@PC12

[2023-01-16 19:47:23 #16 store] 
Configuration path: ?

[2023-01-16 19:47:23 #17 store] 
Database 'D:\DAM2\AD\workspace\Tema4\data\campeonato.odb' is closed by 2508@PC12

[2023-01-16 19:47:25 #18 store] 
Database 'D:\DAM2\AD\workspace\Tema4\data\campeonato.odb' is opened by 2508@PC12

[2023-01-16 19:47:25 #19 store] 
Configuration path: ?

[2023-01-16 19:47:25 #20 store] 
Database 'D:\DAM2\AD\workspace\Tema4\data\campeonato.odb' is closed by 2508@PC12

------------------------------------------------------------------------------------------------------------------------

[2023-01-16 19:49:24 #1 store] 
Database 'D:\DAM2\AD\workspace\Tema4\data\campeonato.odb' is opened by 8208@PC12

[2023-01-16 19:49:24 #2 store] 
Configuration path: ?

[2023-01-16 19:49:24 #3 type] 
Type modelo.Jugador is not enhanced.

[2023-01-16 19:49:24 #4 type] 
Type modelo.Fecha is not enhanced.

[2023-01-16 19:49:24 #5 type] 
Type modelo.Equipo is not enhanced.

[2023-01-16 19:49:24 #6 type] 
Type modelo.Partido is not enhanced.

[2023-01-16 19:49:24 #7 type] 
Type modelo.Resultado is not enhanced.

[2023-01-16 19:49:24 #8 store] 
Database 'D:\DAM2\AD\workspace\Tema4\data\campeonato.odb' is closed by 8208@PC12

[2023-01-16 19:49:42 #9 store] 
Database 'D:\DAM2\AD\workspace\Tema4\data\campeonato.odb' is opened by 8208@PC12

[2023-01-16 19:49:42 #10 store] 
Configuration path: ?

[2023-01-16 19:49:42 #11 store] 
Database 'D:\DAM2\AD\workspace\Tema4\data\campeonato.odb' is closed by 8208@PC12

[2023-01-16 19:49:46 #12 store] 
Database 'D:\DAM2\AD\workspace\Tema4\data\campeonato.odb' is opened by 8208@PC12

[2023-01-16 19:49:46 #13 store] 
Configuration path: ?

[2023-01-16 19:49:46 #14 store] 
Database 'D:\DAM2\AD\workspace\Tema4\data\campeonato.odb' is closed by 8208@PC12

[2023-01-16 19:49:46 #15 store] 
Database 'D:\DAM2\AD\workspace\Tema4\data\campeonato.odb' is opened by 8208@PC12

[2023-01-16 19:49:46 #16 store] 
Configuration path: ?

[2023-01-16 19:49:46 #17 store] 
Database 'D:\DAM2\AD\workspace\Tema4\data\campeonato.odb' is closed by 8208@PC12

[2023-01-16 19:49:49 #18 store] 
Database 'D:\DAM2\AD\workspace\Tema4\data\campeonato.odb' is opened by 8208@PC12

[2023-01-16 19:49:49 #19 store] 
Configuration path: ?

[2023-01-16 19:49:49 #20 store] 
Database 'D:\DAM2\AD\workspace\Tema4\data\campeonato.odb' is closed by 8208@PC12

------------------------------------------------------------------------------------------------------------------------

[2023-01-16 19:51:14 #1 store] 
Database 'D:\DAM2\AD\workspace\Tema4\data\campeonato.odb' is opened by 1804@PC12

[2023-01-16 19:51:14 #2 store] 
Configuration path: ?

[2023-01-16 19:51:14 #3 type] 
Type modelo.Jugador is not enhanced.

[2023-01-16 19:51:14 #4 type] 
Type modelo.Fecha is not enhanced.

[2023-01-16 19:51:14 #5 type] 
Type modelo.Equipo is not enhanced.

[2023-01-16 19:51:14 #6 type] 
Type modelo.Partido is not enhanced.

[2023-01-16 19:51:14 #7 type] 
Type modelo.Resultado is not enhanced.

[2023-01-16 19:51:14 #8 store] 
Database 'D:\DAM2\AD\workspace\Tema4\data\campeonato.odb' is closed by 1804@PC12

[2023-01-16 19:51:17 #9 store] 
Database 'D:\DAM2\AD\workspace\Tema4\data\campeonato.odb' is opened by 1804@PC12

[2023-01-16 19:51:17 #10 store] 
Configuration path: ?

[2023-01-16 19:51:17 #11 store] 
Database 'D:\DAM2\AD\workspace\Tema4\data\campeonato.odb' is closed by 1804@PC12

[2023-01-16 19:51:19 #12 store] 
Database 'D:\DAM2\AD\workspace\Tema4\data\campeonato.odb' is opened by 1804@PC12

[2023-01-16 19:51:19 #13 store] 
Configuration path: ?

[2023-01-16 19:51:19 #14 store] 
Database 'D:\DAM2\AD\workspace\Tema4\data\campeonato.odb' is closed by 1804@PC12

[2023-01-16 19:51:21 #15 store] 
Database 'D:\DAM2\AD\workspace\Tema4\data\campeonato.odb' is opened by 1804@PC12

[2023-01-16 19:51:21 #16 store] 
Configuration path: ?

[2023-01-16 19:51:21 #17 store] 
Database 'D:\DAM2\AD\workspace\Tema4\data\campeonato.odb' is closed by 1804@PC12

------------------------------------------------------------------------------------------------------------------------

[2023-01-16 19:51:30 #1 store] 
Database 'D:\DAM2\AD\workspace\Tema4\data\campeonato.odb' is opened by 8600@PC12

[2023-01-16 19:51:30 #2 store] 
Configuration path: ?

[2023-01-16 19:51:30 #3 type] 
Type modelo.Jugador is not enhanced.

[2023-01-16 19:51:30 #4 type] 
Type modelo.Fecha is not enhanced.

[2023-01-16 19:51:30 #5 type] 
Type modelo.Equipo is not enhanced.

[2023-01-16 19:51:30 #6 type] 
Type modelo.Partido is not enhanced.

[2023-01-16 19:51:30 #7 type] 
Type modelo.Resultado is not enhanced.

[2023-01-16 19:51:30 #8 store] 
Database 'D:\DAM2\AD\workspace\Tema4\data\campeonato.odb' is closed by 8600@PC12

[2023-01-16 19:51:53 #9 store] 
Database 'D:\DAM2\AD\workspace\Tema4\data\campeonato.odb' is opened by 8600@PC12

[2023-01-16 19:51:53 #10 store] 
Configuration path: ?

[2023-01-16 19:51:53 #11 store] 
Database 'D:\DAM2\AD\workspace\Tema4\data\campeonato.odb' is closed by 8600@PC12

[2023-01-16 19:52:05 #12 store] 
Database 'D:\DAM2\AD\workspace\Tema4\data\campeonato.odb' is opened by 8600@PC12

[2023-01-16 19:52:05 #13 store] 
Configuration path: ?

[2023-01-16 19:52:05 #14 store] 
Database 'D:\DAM2\AD\workspace\Tema4\data\campeonato.odb' is closed by 8600@PC12

[2023-01-16 19:52:05 #15 store] 
Database 'D:\DAM2\AD\workspace\Tema4\data\campeonato.odb' is opened by 8600@PC12

[2023-01-16 19:52:05 #16 store] 
Configuration path: ?

[2023-01-16 19:52:05 #17 store] 
Database 'D:\DAM2\AD\workspace\Tema4\data\campeonato.odb' is closed by 8600@PC12

[2023-01-16 19:52:06 #18 store] 
Database 'D:\DAM2\AD\workspace\Tema4\data\campeonato.odb' is opened by 8600@PC12

[2023-01-16 19:52:06 #19 store] 
Configuration path: ?

[2023-01-16 19:52:06 #20 store] 
Database 'D:\DAM2\AD\workspace\Tema4\data\campeonato.odb' is closed by 8600@PC12

------------------------------------------------------------------------------------------------------------------------

[2023-01-16 19:52:37 #1 store] 
Database 'D:\DAM2\AD\workspace\Tema4\data\campeonato.odb' is opened by 9264@PC12

[2023-01-16 19:52:37 #2 store] 
Configuration path: ?

[2023-01-16 19:52:37 #3 type] 
Type modelo.Jugador is not enhanced.

[2023-01-16 19:52:37 #4 type] 
Type modelo.Fecha is not enhanced.

[2023-01-16 19:52:37 #5 type] 
Type modelo.Equipo is not enhanced.

[2023-01-16 19:52:37 #6 type] 
Type modelo.Partido is not enhanced.

[2023-01-16 19:52:37 #7 type] 
Type modelo.Resultado is not enhanced.

[2023-01-16 19:52:37 #8 store] 
Database 'D:\DAM2\AD\workspace\Tema4\data\campeonato.odb' is closed by 9264@PC12

[2023-01-16 19:52:40 #9 store] 
Database 'D:\DAM2\AD\workspace\Tema4\data\campeonato.odb' is opened by 9264@PC12

[2023-01-16 19:52:40 #10 store] 
Configuration path: ?

[2023-01-16 19:52:40 #11 store] 
Database 'D:\DAM2\AD\workspace\Tema4\data\campeonato.odb' is closed by 9264@PC12

[2023-01-16 19:53:18 #12 store] 
Database 'D:\DAM2\AD\workspace\Tema4\data\campeonato.odb' is opened by 9264@PC12

[2023-01-16 19:53:18 #13 store] 
Configuration path: ?

[2023-01-16 19:53:18 #14 store] 
Database 'D:\DAM2\AD\workspace\Tema4\data\campeonato.odb' is closed by 9264@PC12

[2023-01-16 19:53:20 #15 store] 
Database 'D:\DAM2\AD\workspace\Tema4\data\campeonato.odb' is opened by 9264@PC12

[2023-01-16 19:53:20 #16 store] 
Configuration path: ?

[2023-01-16 19:53:20 #17 store] 
Database 'D:\DAM2\AD\workspace\Tema4\data\campeonato.odb' is closed by 9264@PC12

------------------------------------------------------------------------------------------------------------------------

[2023-01-16 19:54:23 #1 store] 
Database 'D:\DAM2\AD\workspace\Tema4\data\campeonato.odb' is opened by 2448@PC12

[2023-01-16 19:54:23 #2 store] 
Configuration path: ?

[2023-01-16 19:54:23 #3 type] 
Type modelo.Jugador is not enhanced.

[2023-01-16 19:54:24 #4 type] 
Type modelo.Fecha is not enhanced.

[2023-01-16 19:54:24 #5 type] 
Type modelo.Equipo is not enhanced.

[2023-01-16 19:54:24 #6 type] 
Type modelo.Partido is not enhanced.

[2023-01-16 19:54:24 #7 type] 
Type modelo.Resultado is not enhanced.

------------------------------------------------------------------------------------------------------------------------

[2023-01-16 19:55:20 #1 store] 
Database 'D:\DAM2\AD\workspace\Tema4\data\campeonato.odb' is opened by 10284@PC12

[2023-01-16 19:55:20 #2 store] 
Configuration path: ?

[2023-01-16 19:55:20 #3 type] 
Type modelo.Jugador is not enhanced.

[2023-01-16 19:55:20 #4 type] 
Type modelo.Fecha is not enhanced.

[2023-01-16 19:55:20 #5 type] 
Type modelo.Equipo is not enhanced.

[2023-01-16 19:55:20 #6 type] 
Type modelo.Partido is not enhanced.

[2023-01-16 19:55:20 #7 type] 
Type modelo.Resultado is not enhanced.

[2023-01-16 19:55:20 #8 store] 
Database 'D:\DAM2\AD\workspace\Tema4\data\campeonato.odb' is closed by 10284@PC12

------------------------------------------------------------------------------------------------------------------------

[2023-01-16 20:18:49 #1 store] 
Database 'D:\DAM2\AD\workspace\Tema4\data\campeonato.odb' is opened by 9108@PC12

[2023-01-16 20:18:49 #2 store] 
Configuration path: ?

[2023-01-16 20:18:49 #3 type] 
Type modelo.Jugador is not enhanced.

[2023-01-16 20:18:49 #4 type] 
Type modelo.Fecha is not enhanced.

[2023-01-16 20:18:49 #5 type] 
Type modelo.Equipo is not enhanced.

[2023-01-16 20:18:49 #6 type] 
Type modelo.Partido is not enhanced.

[2023-01-16 20:18:49 #7 type] 
Type modelo.Resultado is not enhanced.

[2023-01-16 20:18:49 #8 store] 
Database 'D:\DAM2\AD\workspace\Tema4\data\campeonato.odb' is closed by 9108@PC12

[2023-01-16 20:18:58 #9 store] 
Database 'D:\DAM2\AD\workspace\Tema4\data\campeonato.odb' is opened by 9108@PC12

[2023-01-16 20:18:58 #10 store] 
Configuration path: ?

[2023-01-16 20:18:58 #11 store] 
Database 'D:\DAM2\AD\workspace\Tema4\data\campeonato.odb' is closed by 9108@PC12

------------------------------------------------------------------------------------------------------------------------

[2023-01-16 20:19:36 #1 store] 
Database 'D:\DAM2\AD\workspace\Tema4\data\campeonato.odb' is opened by 8712@PC12

[2023-01-16 20:19:36 #2 store] 
Configuration path: ?

[2023-01-16 20:19:37 #3 type] 
Type modelo.Jugador is not enhanced.

[2023-01-16 20:19:37 #4 type] 
Type modelo.Fecha is not enhanced.

[2023-01-16 20:19:37 #5 type] 
Type modelo.Equipo is not enhanced.

[2023-01-16 20:19:37 #6 type] 
Type modelo.Partido is not enhanced.

[2023-01-16 20:19:37 #7 type] 
Type modelo.Resultado is not enhanced.

[2023-01-16 20:19:37 #8 store] 
Database 'D:\DAM2\AD\workspace\Tema4\data\campeonato.odb' is closed by 8712@PC12

------------------------------------------------------------------------------------------------------------------------

[2023-01-16 20:21:39 #1 store] 
Database 'D:\DAM2\AD\workspace\Tema4\data\campeonato.odb' is opened by 8944@PC12

[2023-01-16 20:21:39 #2 store] 
Configuration path: ?

[2023-01-16 20:21:39 #3 type] 
Type modelo.Jugador is not enhanced.

[2023-01-16 20:21:39 #4 type] 
Type modelo.Fecha is not enhanced.

[2023-01-16 20:21:39 #5 type] 
Type modelo.Equipo is not enhanced.

[2023-01-16 20:21:39 #6 type] 
Type modelo.Partido is not enhanced.

[2023-01-16 20:21:39 #7 type] 
Type modelo.Resultado is not enhanced.

[2023-01-16 20:21:39 #8 store] 
Database 'D:\DAM2\AD\workspace\Tema4\data\campeonato.odb' is closed by 8944@PC12

[2023-01-16 20:21:43 #9 store] 
Database 'D:\DAM2\AD\workspace\Tema4\data\campeonato.odb' is opened by 8944@PC12

[2023-01-16 20:21:43 #10 store] 
Configuration path: ?

[2023-01-16 20:21:43 #11 store] 
Database 'D:\DAM2\AD\workspace\Tema4\data\campeonato.odb' is closed by 8944@PC12

------------------------------------------------------------------------------------------------------------------------

[2023-01-16 20:22:42 #1 store] 
Database 'D:\DAM2\AD\workspace\Tema4\data\campeonato.odb' is opened by 8012@PC12

[2023-01-16 20:22:42 #2 store] 
Configuration path: ?

[2023-01-16 20:22:42 #3 type] 
Type modelo.Jugador is not enhanced.

[2023-01-16 20:22:42 #4 type] 
Type modelo.Fecha is not enhanced.

[2023-01-16 20:22:42 #5 type] 
Type modelo.Equipo is not enhanced.

[2023-01-16 20:22:42 #6 type] 
Type modelo.Partido is not enhanced.

[2023-01-16 20:22:42 #7 type] 
Type modelo.Resultado is not enhanced.

[2023-01-16 20:22:42 #8 store] 
Database 'D:\DAM2\AD\workspace\Tema4\data\campeonato.odb' is closed by 8012@PC12

[2023-01-16 20:22:45 #9 store] 
Database 'D:\DAM2\AD\workspace\Tema4\data\campeonato.odb' is opened by 8012@PC12

[2023-01-16 20:22:45 #10 store] 
Configuration path: ?

[2023-01-16 20:22:45 #11 store] 
Database 'D:\DAM2\AD\workspace\Tema4\data\campeonato.odb' is closed by 8012@PC12

------------------------------------------------------------------------------------------------------------------------

[2023-01-16 20:32:08 #1 store] 
Database 'D:\DAM2\AD\workspace\Tema4\data\campeonato.odb' is opened by 11792@PC12

[2023-01-16 20:32:08 #2 store] 
Configuration path: ?

[2023-01-16 20:32:08 #3 type] 
Type modelo.Jugador is not enhanced.

[2023-01-16 20:32:08 #4 type] 
Type modelo.Fecha is not enhanced.

[2023-01-16 20:32:08 #5 type] 
Type modelo.Equipo is not enhanced.

[2023-01-16 20:32:08 #6 type] 
Type modelo.Partido is not enhanced.

[2023-01-16 20:32:08 #7 type] 
Type modelo.Resultado is not enhanced.

[2023-01-16 20:32:08 #8 store] 
Database 'D:\DAM2\AD\workspace\Tema4\data\campeonato.odb' is closed by 11792@PC12

[2023-01-16 20:32:08 #9 store] 
Database 'D:\DAM2\AD\workspace\Tema4\data\campeonato.odb' is opened by 11792@PC12

[2023-01-16 20:32:08 #10 store] 
Configuration path: ?

[2023-01-16 20:32:08 #11 store] 
Database 'D:\DAM2\AD\workspace\Tema4\data\campeonato.odb' is closed by 11792@PC12

------------------------------------------------------------------------------------------------------------------------

[2023-01-16 20:33:31 #1 store] 
Database 'D:\DAM2\AD\workspace\Tema4\data\campeonato.odb' is opened by 8608@PC12

[2023-01-16 20:33:31 #2 store] 
Configuration path: ?

[2023-01-16 20:33:31 #3 type] 
Type modelo.Jugador is not enhanced.

[2023-01-16 20:33:31 #4 type] 
Type modelo.Fecha is not enhanced.

[2023-01-16 20:33:31 #5 type] 
Type modelo.Equipo is not enhanced.

[2023-01-16 20:33:31 #6 type] 
Type modelo.Partido is not enhanced.

[2023-01-16 20:33:31 #7 type] 
Type modelo.Resultado is not enhanced.

[2023-01-16 20:33:31 #8 store] 
Database 'D:\DAM2\AD\workspace\Tema4\data\campeonato.odb' is closed by 8608@PC12

[2023-01-16 20:33:31 #9 store] 
Database 'D:\DAM2\AD\workspace\Tema4\data\campeonato.odb' is opened by 8608@PC12

[2023-01-16 20:33:31 #10 store] 
Configuration path: ?

[2023-01-16 20:33:31 #11 store] 
Database 'D:\DAM2\AD\workspace\Tema4\data\campeonato.odb' is closed by 8608@PC12

------------------------------------------------------------------------------------------------------------------------

[2023-01-16 20:34:10 #1 store] 
Database 'D:\DAM2\AD\workspace\Tema4\data\campeonato.odb' is opened by 3544@PC12

[2023-01-16 20:34:10 #2 store] 
Configuration path: ?

[2023-01-16 20:34:10 #3 type] 
Type modelo.Jugador is not enhanced.

[2023-01-16 20:34:10 #4 type] 
Type modelo.Fecha is not enhanced.

[2023-01-16 20:34:10 #5 type] 
Type modelo.Equipo is not enhanced.

[2023-01-16 20:34:10 #6 type] 
Type modelo.Partido is not enhanced.

[2023-01-16 20:34:10 #7 type] 
Type modelo.Resultado is not enhanced.

[2023-01-16 20:34:10 #8 store] 
Database 'D:\DAM2\AD\workspace\Tema4\data\campeonato.odb' is closed by 3544@PC12

[2023-01-16 20:34:10 #9 store] 
Database 'D:\DAM2\AD\workspace\Tema4\data\campeonato.odb' is opened by 3544@PC12

[2023-01-16 20:34:10 #10 store] 
Configuration path: ?

[2023-01-16 20:34:10 #11 store] 
Database 'D:\DAM2\AD\workspace\Tema4\data\campeonato.odb' is closed by 3544@PC12

------------------------------------------------------------------------------------------------------------------------

[2023-01-16 20:34:30 #1 store] 
Database 'D:\DAM2\AD\workspace\Tema4\data\campeonato.odb' is opened by 9976@PC12

[2023-01-16 20:34:30 #2 store] 
Configuration path: ?

[2023-01-16 20:34:30 #3 type] 
Type modelo.Jugador is not enhanced.

[2023-01-16 20:34:30 #4 type] 
Type modelo.Fecha is not enhanced.

[2023-01-16 20:34:30 #5 type] 
Type modelo.Equipo is not enhanced.

[2023-01-16 20:34:30 #6 type] 
Type modelo.Partido is not enhanced.

[2023-01-16 20:34:30 #7 type] 
Type modelo.Resultado is not enhanced.

[2023-01-16 20:34:30 #8 store] 
Database 'D:\DAM2\AD\workspace\Tema4\data\campeonato.odb' is closed by 9976@PC12

[2023-01-16 20:34:30 #9 store] 
Database 'D:\DAM2\AD\workspace\Tema4\data\campeonato.odb' is opened by 9976@PC12

[2023-01-16 20:34:30 #10 store] 
Configuration path: ?

[2023-01-16 20:34:30 #11 store] 
Database 'D:\DAM2\AD\workspace\Tema4\data\campeonato.odb' is closed by 9976@PC12

