------------------------------------------------------------------------------------------------------------------------

[2023-01-20 19:03:14 #1 store] 
Database 'D:\DAM2\AD\workspace\Tema4\data\campeonato.odb' is opened by 4088@PC12

[2023-01-20 19:03:14 #2 store] 
Configuration path: ?

[2023-01-20 19:03:14 #3 type] 
Type modelo.Jugador is not enhanced.

[2023-01-20 19:03:14 #4 type] 
Type modelo.Fecha is not enhanced.

[2023-01-20 19:03:14 #5 type] 
Type modelo.Equipo is not enhanced.

[2023-01-20 19:03:14 #6 type] 
Type modelo.Partido is not enhanced.

[2023-01-20 19:03:14 #7 type] 
Type modelo.Resultado is not enhanced.

[2023-01-20 19:03:14 #8 store] 
Database 'D:\DAM2\AD\workspace\Tema4\data\campeonato.odb' is closed by 4088@PC12

[2023-01-20 19:03:21 #9 store] 
Database 'D:\DAM2\AD\workspace\Tema4\data\campeonato.odb' is opened by 4088@PC12

[2023-01-20 19:03:21 #10 store] 
Configuration path: ?

[2023-01-20 19:03:21 #11 store] 
Database 'D:\DAM2\AD\workspace\Tema4\data\campeonato.odb' is closed by 4088@PC12

[2023-01-20 19:03:21 #12 store] 
Database 'D:\DAM2\AD\workspace\Tema4\data\campeonato.odb' is opened by 4088@PC12

[2023-01-20 19:03:21 #13 store] 
Configuration path: ?

[2023-01-20 19:03:21 #14 store] 
Database 'D:\DAM2\AD\workspace\Tema4\data\campeonato.odb' is closed by 4088@PC12

------------------------------------------------------------------------------------------------------------------------

[2023-01-20 19:10:26 #1 store] 
Database 'D:\DAM2\AD\workspace\Tema4\data\campeonato.odb' is opened by 8588@PC12

[2023-01-20 19:10:26 #2 store] 
Configuration path: ?

[2023-01-20 19:10:26 #3 type] 
Type modelo.Jugador is not enhanced.

[2023-01-20 19:10:26 #4 type] 
Type modelo.Fecha is not enhanced.

[2023-01-20 19:10:26 #5 type] 
Type modelo.Equipo is not enhanced.

[2023-01-20 19:10:26 #6 type] 
Type modelo.Partido is not enhanced.

[2023-01-20 19:10:26 #7 type] 
Type modelo.Resultado is not enhanced.

[2023-01-20 19:10:26 #8 store] 
Database 'D:\DAM2\AD\workspace\Tema4\data\campeonato.odb' is closed by 8588@PC12

[2023-01-20 19:10:26 #9 store] 
Database 'D:\DAM2\AD\workspace\Tema4\data\campeonato.odb' is opened by 8588@PC12

[2023-01-20 19:10:26 #10 store] 
Configuration path: ?

[2023-01-20 19:10:27 #11 store] 
Database 'D:\DAM2\AD\workspace\Tema4\data\campeonato.odb' is closed by 8588@PC12

------------------------------------------------------------------------------------------------------------------------

[2023-01-20 19:20:47 #1 store] 
Database 'D:\DAM2\AD\workspace\Tema4\data\campeonato.odb' is opened by 8572@PC12

[2023-01-20 19:20:47 #2 store] 
Configuration path: ?

[2023-01-20 19:20:47 #3 type] 
Type modelo.Jugador is not enhanced.

[2023-01-20 19:20:47 #4 type] 
Type modelo.Fecha is not enhanced.

[2023-01-20 19:20:47 #5 type] 
Type modelo.Equipo is not enhanced.

[2023-01-20 19:20:47 #6 type] 
Type modelo.Partido is not enhanced.

[2023-01-20 19:20:47 #7 type] 
Type modelo.Resultado is not enhanced.

[2023-01-20 19:20:47 #8 store] 
Database 'D:\DAM2\AD\workspace\Tema4\data\campeonato.odb' is closed by 8572@PC12

[2023-01-20 19:20:47 #9 store] 
Database 'D:\DAM2\AD\workspace\Tema4\data\campeonato.odb' is opened by 8572@PC12

[2023-01-20 19:20:47 #10 store] 
Configuration path: ?

[2023-01-20 19:20:47 #11 store] 
Database 'D:\DAM2\AD\workspace\Tema4\data\campeonato.odb' is closed by 8572@PC12

[2023-01-20 19:20:48 #12 store] 
Database 'D:\DAM2\AD\workspace\Tema4\data\campeonato.odb' is opened by 8572@PC12

[2023-01-20 19:20:48 #13 store] 
Configuration path: ?

[2023-01-20 19:20:48 #14 store] 
Database 'D:\DAM2\AD\workspace\Tema4\data\campeonato.odb' is closed by 8572@PC12

[2023-01-20 19:20:54 #15 store] 
Database 'D:\DAM2\AD\workspace\Tema4\data\campeonato.odb' is opened by 8572@PC12

[2023-01-20 19:20:54 #16 store] 
Configuration path: ?

[2023-01-20 19:20:54 #17 store] 
Database 'D:\DAM2\AD\workspace\Tema4\data\campeonato.odb' is closed by 8572@PC12

[2023-01-20 19:20:54 #18 store] 
Database 'D:\DAM2\AD\workspace\Tema4\data\campeonato.odb' is opened by 8572@PC12

[2023-01-20 19:20:54 #19 store] 
Configuration path: ?

[2023-01-20 19:20:54 #20 store] 
Database 'D:\DAM2\AD\workspace\Tema4\data\campeonato.odb' is closed by 8572@PC12

[2023-01-20 19:21:09 #21 store] 
Database 'D:\DAM2\AD\workspace\Tema4\data\campeonato.odb' is opened by 8572@PC12

[2023-01-20 19:21:09 #22 store] 
Configuration path: ?

[2023-01-20 19:21:09 #23 store] 
Database 'D:\DAM2\AD\workspace\Tema4\data\campeonato.odb' is closed by 8572@PC12

[2023-01-20 19:21:09 #24 store] 
Database 'D:\DAM2\AD\workspace\Tema4\data\campeonato.odb' is opened by 8572@PC12

[2023-01-20 19:21:09 #25 store] 
Configuration path: ?

[2023-01-20 19:21:09 #26 store] 
Database 'D:\DAM2\AD\workspace\Tema4\data\campeonato.odb' is closed by 8572@PC12

[2023-01-20 19:21:19 #27 store] 
Database 'D:\DAM2\AD\workspace\Tema4\data\campeonato.odb' is opened by 8572@PC12

[2023-01-20 19:21:19 #28 store] 
Configuration path: ?

[2023-01-20 19:21:19 #29 store] 
Database 'D:\DAM2\AD\workspace\Tema4\data\campeonato.odb' is closed by 8572@PC12

[2023-01-20 19:21:19 #30 store] 
Database 'D:\DAM2\AD\workspace\Tema4\data\campeonato.odb' is opened by 8572@PC12

[2023-01-20 19:21:19 #31 store] 
Configuration path: ?

[2023-01-20 19:21:19 #32 store] 
Database 'D:\DAM2\AD\workspace\Tema4\data\campeonato.odb' is closed by 8572@PC12

[2023-01-20 19:22:08 #33 store] 
Database 'D:\DAM2\AD\workspace\Tema4\data\campeonato.odb' is opened by 8572@PC12

[2023-01-20 19:22:08 #34 store] 
Configuration path: ?

[2023-01-20 19:22:08 #35 store] 
Database 'D:\DAM2\AD\workspace\Tema4\data\campeonato.odb' is closed by 8572@PC12

------------------------------------------------------------------------------------------------------------------------

[2023-01-20 19:29:14 #1 store] 
Database 'D:\DAM2\AD\workspace\Tema4\data\campeonato.odb' is opened by 9200@PC12

[2023-01-20 19:29:14 #2 store] 
Configuration path: ?

[2023-01-20 19:29:14 #3 type] 
Type modelo.Jugador is not enhanced.

[2023-01-20 19:29:14 #4 type] 
Type modelo.Fecha is not enhanced.

[2023-01-20 19:29:14 #5 type] 
Type modelo.Equipo is not enhanced.

[2023-01-20 19:29:14 #6 type] 
Type modelo.Partido is not enhanced.

[2023-01-20 19:29:14 #7 type] 
Type modelo.Resultado is not enhanced.

[2023-01-20 19:29:14 #8 store] 
Database 'D:\DAM2\AD\workspace\Tema4\data\campeonato.odb' is closed by 9200@PC12

[2023-01-20 19:29:14 #9 store] 
Database 'D:\DAM2\AD\workspace\Tema4\data\campeonato.odb' is opened by 9200@PC12

[2023-01-20 19:29:14 #10 store] 
Configuration path: ?

[2023-01-20 19:29:14 #11 store] 
Database 'D:\DAM2\AD\workspace\Tema4\data\campeonato.odb' is closed by 9200@PC12

[2023-01-20 19:29:14 #12 store] 
Database 'D:\DAM2\AD\workspace\Tema4\data\campeonato.odb' is opened by 9200@PC12

[2023-01-20 19:29:14 #13 store] 
Configuration path: ?

[2023-01-20 19:29:14 #14 store] 
Database 'D:\DAM2\AD\workspace\Tema4\data\campeonato.odb' is closed by 9200@PC12

[2023-01-20 19:29:20 #15 store] 
Database 'D:\DAM2\AD\workspace\Tema4\data\campeonato.odb' is opened by 9200@PC12

[2023-01-20 19:29:20 #16 store] 
Configuration path: ?

[2023-01-20 19:29:20 #17 store] 
Database 'D:\DAM2\AD\workspace\Tema4\data\campeonato.odb' is closed by 9200@PC12

[2023-01-20 19:29:32 #18 store] 
Database 'D:\DAM2\AD\workspace\Tema4\data\campeonato.odb' is opened by 9200@PC12

[2023-01-20 19:29:32 #19 store] 
Configuration path: ?

[2023-01-20 19:29:32 #20 store] 
Database 'D:\DAM2\AD\workspace\Tema4\data\campeonato.odb' is closed by 9200@PC12

[2023-01-20 19:29:32 #21 store] 
Database 'D:\DAM2\AD\workspace\Tema4\data\campeonato.odb' is opened by 9200@PC12

[2023-01-20 19:29:32 #22 store] 
Configuration path: ?

[2023-01-20 19:29:32 #23 store] 
Database 'D:\DAM2\AD\workspace\Tema4\data\campeonato.odb' is closed by 9200@PC12

[2023-01-20 19:29:32 #24 store] 
Database 'D:\DAM2\AD\workspace\Tema4\data\campeonato.odb' is opened by 9200@PC12

[2023-01-20 19:29:32 #25 store] 
Configuration path: ?

[2023-01-20 19:29:32 #26 store] 
Database 'D:\DAM2\AD\workspace\Tema4\data\campeonato.odb' is closed by 9200@PC12

[2023-01-20 19:31:56 #27 store] 
Database 'D:\DAM2\AD\workspace\Tema4\data\campeonato.odb' is opened by 9200@PC12

[2023-01-20 19:31:56 #28 store] 
Configuration path: ?

[2023-01-20 19:31:56 #29 store] 
Database 'D:\DAM2\AD\workspace\Tema4\data\campeonato.odb' is closed by 9200@PC12

[2023-01-20 19:31:56 #30 store] 
Database 'D:\DAM2\AD\workspace\Tema4\data\campeonato.odb' is opened by 9200@PC12

[2023-01-20 19:31:56 #31 store] 
Configuration path: ?

[2023-01-20 19:31:56 #32 store] 
Database 'D:\DAM2\AD\workspace\Tema4\data\campeonato.odb' is closed by 9200@PC12

[2023-01-20 19:31:56 #33 store] 
Database 'D:\DAM2\AD\workspace\Tema4\data\campeonato.odb' is opened by 9200@PC12

[2023-01-20 19:31:56 #34 store] 
Configuration path: ?

[2023-01-20 19:31:56 #35 store] 
Database 'D:\DAM2\AD\workspace\Tema4\data\campeonato.odb' is closed by 9200@PC12

[2023-01-20 19:32:11 #36 store] 
Database 'D:\DAM2\AD\workspace\Tema4\data\campeonato.odb' is opened by 9200@PC12

[2023-01-20 19:32:11 #37 store] 
Configuration path: ?

[2023-01-20 19:32:11 #38 store] 
Database 'D:\DAM2\AD\workspace\Tema4\data\campeonato.odb' is closed by 9200@PC12

[2023-01-20 19:32:11 #39 store] 
Database 'D:\DAM2\AD\workspace\Tema4\data\campeonato.odb' is opened by 9200@PC12

[2023-01-20 19:32:11 #40 store] 
Configuration path: ?

[2023-01-20 19:32:11 #41 store] 
Database 'D:\DAM2\AD\workspace\Tema4\data\campeonato.odb' is closed by 9200@PC12

[2023-01-20 19:32:11 #42 store] 
Database 'D:\DAM2\AD\workspace\Tema4\data\campeonato.odb' is opened by 9200@PC12

[2023-01-20 19:32:11 #43 store] 
Configuration path: ?

[2023-01-20 19:32:11 #44 store] 
Database 'D:\DAM2\AD\workspace\Tema4\data\campeonato.odb' is closed by 9200@PC12

------------------------------------------------------------------------------------------------------------------------

[2023-01-20 19:48:37 #1 store] 
Database 'D:\DAM2\AD\workspace\Tema4\data\campeonato.odb' is opened by 1292@PC12

[2023-01-20 19:48:37 #2 store] 
Configuration path: ?

[2023-01-20 19:48:37 #3 type] 
Type modelo.Jugador is not enhanced.

[2023-01-20 19:48:37 #4 type] 
Type modelo.Fecha is not enhanced.

[2023-01-20 19:48:37 #5 type] 
Type modelo.Equipo is not enhanced.

[2023-01-20 19:48:37 #6 type] 
Type modelo.Partido is not enhanced.

[2023-01-20 19:48:37 #7 type] 
Type modelo.Resultado is not enhanced.

[2023-01-20 19:48:37 #8 store] 
Database 'D:\DAM2\AD\workspace\Tema4\data\campeonato.odb' is closed by 1292@PC12

------------------------------------------------------------------------------------------------------------------------

[2023-01-20 19:55:07 #1 store] 
Database 'D:\DAM2\AD\workspace\Tema4\data\campeonato.odb' is opened by 4404@PC12

[2023-01-20 19:55:07 #2 store] 
Configuration path: ?

[2023-01-20 19:55:07 #3 type] 
Type modelo.Jugador is not enhanced.

[2023-01-20 19:55:07 #4 type] 
Type modelo.Fecha is not enhanced.

[2023-01-20 19:55:07 #5 type] 
Type modelo.Equipo is not enhanced.

[2023-01-20 19:55:07 #6 type] 
Type modelo.Partido is not enhanced.

[2023-01-20 19:55:07 #7 type] 
Type modelo.Resultado is not enhanced.

[2023-01-20 19:55:07 #8 store] 
Database 'D:\DAM2\AD\workspace\Tema4\data\campeonato.odb' is closed by 4404@PC12

------------------------------------------------------------------------------------------------------------------------

[2023-01-20 20:03:33 #1 store] 
Database 'D:\DAM2\AD\workspace\Tema4\data\campeonato.odb' is opened by 11548@PC12

[2023-01-20 20:03:33 #2 store] 
Configuration path: ?

[2023-01-20 20:03:33 #3 type] 
Type modelo.Jugador is not enhanced.

[2023-01-20 20:03:33 #4 type] 
Type modelo.Fecha is not enhanced.

[2023-01-20 20:03:33 #5 type] 
Type modelo.Equipo is not enhanced.

[2023-01-20 20:03:33 #6 type] 
Type modelo.Partido is not enhanced.

[2023-01-20 20:03:33 #7 type] 
Type modelo.Resultado is not enhanced.

[2023-01-20 20:03:33 #8 store] 
Database 'D:\DAM2\AD\workspace\Tema4\data\campeonato.odb' is closed by 11548@PC12

[2023-01-20 20:03:33 #9 store] 
Database 'D:\DAM2\AD\workspace\Tema4\data\campeonato.odb' is opened by 11548@PC12

[2023-01-20 20:03:33 #10 store] 
Configuration path: ?

[2023-01-20 20:03:33 #11 store] 
Database 'D:\DAM2\AD\workspace\Tema4\data\campeonato.odb' is closed by 11548@PC12

[2023-01-20 20:03:33 #12 store] 
Database 'D:\DAM2\AD\workspace\Tema4\data\campeonato.odb' is opened by 11548@PC12

[2023-01-20 20:03:33 #13 store] 
Configuration path: ?

[2023-01-20 20:03:33 #14 store] 
Database 'D:\DAM2\AD\workspace\Tema4\data\campeonato.odb' is closed by 11548@PC12

------------------------------------------------------------------------------------------------------------------------

[2023-01-20 20:12:02 #1 store] 
Database 'D:\DAM2\AD\workspace\Tema4\data\campeonato.odb' is opened by 10048@PC12

[2023-01-20 20:12:02 #2 store] 
Configuration path: ?

[2023-01-20 20:12:02 #3 type] 
Type modelo.Jugador is not enhanced.

[2023-01-20 20:12:02 #4 type] 
Type modelo.Fecha is not enhanced.

[2023-01-20 20:12:02 #5 type] 
Type modelo.Equipo is not enhanced.

[2023-01-20 20:12:02 #6 type] 
Type modelo.Partido is not enhanced.

[2023-01-20 20:12:02 #7 type] 
Type modelo.Resultado is not enhanced.

[2023-01-20 20:12:03 #8 store] 
Database 'D:\DAM2\AD\workspace\Tema4\data\campeonato.odb' is closed by 10048@PC12

[2023-01-20 20:12:03 #9 store] 
Database 'D:\DAM2\AD\workspace\Tema4\data\campeonato.odb' is opened by 10048@PC12

[2023-01-20 20:12:03 #10 store] 
Configuration path: ?

[2023-01-20 20:12:03 #11 store] 
Database 'D:\DAM2\AD\workspace\Tema4\data\campeonato.odb' is closed by 10048@PC12

[2023-01-20 20:12:03 #12 store] 
Database 'D:\DAM2\AD\workspace\Tema4\data\campeonato.odb' is opened by 10048@PC12

[2023-01-20 20:12:03 #13 store] 
Configuration path: ?

[2023-01-20 20:12:03 #14 store] 
Database 'D:\DAM2\AD\workspace\Tema4\data\campeonato.odb' is closed by 10048@PC12

