------------------------------------------------------------------------------------------------------------------------

[2023-01-13 19:43:55 #1 store] 
Database 'D:\DAM2\AD\workspace\Tema4\data\campeonato.odb' is opened by 5364@PC12

[2023-01-13 19:43:55 #2 store] 
Configuration path: ?

[2023-01-13 19:43:55 #3 type] 
Type modelo.Jugador is not enhanced.

[2023-01-13 19:43:55 #4 type] 
Type modelo.Fecha is not enhanced.

[2023-01-13 19:43:55 #5 type] 
Type modelo.Equipo is not enhanced.

[2023-01-13 19:43:55 #6 type] 
Type modelo.Partido is not enhanced.

[2023-01-13 19:43:55 #7 type] 
Type modelo.Resultado is not enhanced.

[2023-01-13 19:43:55 #8 store] 
Database 'D:\DAM2\AD\workspace\Tema4\data\campeonato.odb' is closed by 5364@PC12

------------------------------------------------------------------------------------------------------------------------

[2023-01-13 19:54:59 #1 store] 
Database 'D:\DAM2\AD\workspace\Tema4\data\campeonato.odb' is opened by 4684@PC12

[2023-01-13 19:54:59 #2 store] 
Configuration path: ?

[2023-01-13 19:54:59 #3 type] 
Type modelo.Jugador is not enhanced.

[2023-01-13 19:54:59 #4 type] 
Type modelo.Fecha is not enhanced.

[2023-01-13 19:54:59 #5 type] 
Type modelo.Equipo is not enhanced.

[2023-01-13 19:54:59 #6 type] 
Type modelo.Partido is not enhanced.

[2023-01-13 19:54:59 #7 type] 
Type modelo.Resultado is not enhanced.

[2023-01-13 19:54:59 #8 store] 
Database 'D:\DAM2\AD\workspace\Tema4\data\campeonato.odb' is closed by 4684@PC12

------------------------------------------------------------------------------------------------------------------------

[2023-01-13 19:55:20 #1 store] 
Database 'D:\DAM2\AD\workspace\Tema4\data\campeonato.odb' is opened by 9200@PC12

[2023-01-13 19:55:20 #2 store] 
Configuration path: ?

[2023-01-13 19:55:20 #3 type] 
Type modelo.Jugador is not enhanced.

[2023-01-13 19:55:20 #4 type] 
Type modelo.Fecha is not enhanced.

[2023-01-13 19:55:20 #5 type] 
Type modelo.Equipo is not enhanced.

[2023-01-13 19:55:20 #6 type] 
Type modelo.Partido is not enhanced.

[2023-01-13 19:55:20 #7 type] 
Type modelo.Resultado is not enhanced.

[2023-01-13 19:55:20 #8 store] 
Database 'D:\DAM2\AD\workspace\Tema4\data\campeonato.odb' is closed by 9200@PC12

------------------------------------------------------------------------------------------------------------------------

[2023-01-13 19:59:15 #1 store] 
Database 'D:\DAM2\AD\workspace\Tema4\data\campeonato.odb' is opened by 6972@PC12

[2023-01-13 19:59:15 #2 store] 
Configuration path: ?

[2023-01-13 19:59:15 #3 type] 
Type modelo.Jugador is not enhanced.

[2023-01-13 19:59:15 #4 type] 
Type modelo.Fecha is not enhanced.

[2023-01-13 19:59:15 #5 type] 
Type modelo.Equipo is not enhanced.

[2023-01-13 19:59:15 #6 type] 
Type modelo.Partido is not enhanced.

[2023-01-13 19:59:15 #7 type] 
Type modelo.Resultado is not enhanced.

[2023-01-13 19:59:15 #8 store] 
Database 'D:\DAM2\AD\workspace\Tema4\data\campeonato.odb' is closed by 6972@PC12

------------------------------------------------------------------------------------------------------------------------

[2023-01-13 20:00:37 #1 store] 
Database 'D:\DAM2\AD\workspace\Tema4\data\campeonato.odb' is opened by 9984@PC12

[2023-01-13 20:00:37 #2 store] 
Configuration path: ?

[2023-01-13 20:00:37 #3 type] 
Type modelo.Jugador is not enhanced.

[2023-01-13 20:00:37 #4 type] 
Type modelo.Fecha is not enhanced.

[2023-01-13 20:00:37 #5 type] 
Type modelo.Equipo is not enhanced.

[2023-01-13 20:00:37 #6 type] 
Type modelo.Partido is not enhanced.

[2023-01-13 20:00:37 #7 type] 
Type modelo.Resultado is not enhanced.

[2023-01-13 20:00:37 #8 store] 
Database 'D:\DAM2\AD\workspace\Tema4\data\campeonato.odb' is closed by 9984@PC12

[2023-01-13 20:00:46 #9 store] 
Database 'D:\DAM2\AD\workspace\Tema4\data\campeonato.odb' is opened by 9984@PC12

[2023-01-13 20:00:46 #10 store] 
Configuration path: ?

[2023-01-13 20:00:46 #11 store] 
Database 'D:\DAM2\AD\workspace\Tema4\data\campeonato.odb' is closed by 9984@PC12

[2023-01-13 20:00:49 #12 store] 
Database 'D:\DAM2\AD\workspace\Tema4\data\campeonato.odb' is opened by 9984@PC12

[2023-01-13 20:00:49 #13 store] 
Configuration path: ?

[2023-01-13 20:00:49 #14 store] 
Database 'D:\DAM2\AD\workspace\Tema4\data\campeonato.odb' is closed by 9984@PC12

------------------------------------------------------------------------------------------------------------------------

[2023-01-13 20:02:19 #1 store] 
Database 'D:\DAM2\AD\workspace\Tema4\data\campeonato.odb' is opened by 536@PC12

[2023-01-13 20:02:19 #2 store] 
Configuration path: ?

[2023-01-13 20:02:19 #3 type] 
Type modelo.Jugador is not enhanced.

[2023-01-13 20:02:19 #4 type] 
Type modelo.Fecha is not enhanced.

[2023-01-13 20:02:19 #5 type] 
Type modelo.Equipo is not enhanced.

[2023-01-13 20:02:19 #6 type] 
Type modelo.Partido is not enhanced.

[2023-01-13 20:02:19 #7 type] 
Type modelo.Resultado is not enhanced.

[2023-01-13 20:02:19 #8 store] 
Database 'D:\DAM2\AD\workspace\Tema4\data\campeonato.odb' is closed by 536@PC12

[2023-01-13 20:02:21 #9 store] 
Database 'D:\DAM2\AD\workspace\Tema4\data\campeonato.odb' is opened by 536@PC12

[2023-01-13 20:02:21 #10 store] 
Configuration path: ?

[2023-01-13 20:02:21 #11 store] 
Database 'D:\DAM2\AD\workspace\Tema4\data\campeonato.odb' is closed by 536@PC12

[2023-01-13 20:02:26 #12 store] 
Database 'D:\DAM2\AD\workspace\Tema4\data\campeonato.odb' is opened by 536@PC12

[2023-01-13 20:02:26 #13 store] 
Configuration path: ?

[2023-01-13 20:02:26 #14 store] 
Database 'D:\DAM2\AD\workspace\Tema4\data\campeonato.odb' is closed by 536@PC12

------------------------------------------------------------------------------------------------------------------------

[2023-01-13 20:09:25 #1 store] 
Database 'D:\DAM2\AD\workspace\Tema4\data\campeonato.odb' is opened by 4504@PC12

[2023-01-13 20:09:25 #2 store] 
Configuration path: ?

[2023-01-13 20:09:25 #3 type] 
Type modelo.Jugador is not enhanced.

[2023-01-13 20:09:25 #4 type] 
Type modelo.Fecha is not enhanced.

[2023-01-13 20:09:25 #5 type] 
Type modelo.Equipo is not enhanced.

[2023-01-13 20:09:25 #6 type] 
Type modelo.Partido is not enhanced.

[2023-01-13 20:09:25 #7 type] 
Type modelo.Resultado is not enhanced.

[2023-01-13 20:09:25 #8 store] 
Database 'D:\DAM2\AD\workspace\Tema4\data\campeonato.odb' is closed by 4504@PC12

[2023-01-13 20:09:26 #9 store] 
Database 'D:\DAM2\AD\workspace\Tema4\data\campeonato.odb' is opened by 4504@PC12

[2023-01-13 20:09:26 #10 store] 
Configuration path: ?

[2023-01-13 20:09:26 #11 store] 
Database 'D:\DAM2\AD\workspace\Tema4\data\campeonato.odb' is closed by 4504@PC12

------------------------------------------------------------------------------------------------------------------------

[2023-01-13 20:15:10 #1 store] 
Database 'D:\DAM2\AD\workspace\Tema4\data\campeonato.odb' is opened by 8608@PC12

[2023-01-13 20:15:10 #2 store] 
Configuration path: ?

[2023-01-13 20:15:10 #3 type] 
Type modelo.Jugador is not enhanced.

[2023-01-13 20:15:10 #4 type] 
Type modelo.Fecha is not enhanced.

[2023-01-13 20:15:10 #5 type] 
Type modelo.Equipo is not enhanced.

[2023-01-13 20:15:10 #6 type] 
Type modelo.Partido is not enhanced.

[2023-01-13 20:15:10 #7 type] 
Type modelo.Resultado is not enhanced.

[2023-01-13 20:15:10 #8 store] 
Database 'D:\DAM2\AD\workspace\Tema4\data\campeonato.odb' is closed by 8608@PC12

------------------------------------------------------------------------------------------------------------------------

[2023-01-13 20:15:47 #1 store] 
Database 'D:\DAM2\AD\workspace\Tema4\data\campeonato.odb' is opened by 4208@PC12

[2023-01-13 20:15:47 #2 store] 
Configuration path: ?

[2023-01-13 20:15:47 #3 type] 
Type modelo.Jugador is not enhanced.

[2023-01-13 20:15:47 #4 type] 
Type modelo.Fecha is not enhanced.

[2023-01-13 20:15:47 #5 type] 
Type modelo.Equipo is not enhanced.

[2023-01-13 20:15:47 #6 type] 
Type modelo.Partido is not enhanced.

[2023-01-13 20:15:47 #7 type] 
Type modelo.Resultado is not enhanced.

[2023-01-13 20:15:47 #8 store] 
Database 'D:\DAM2\AD\workspace\Tema4\data\campeonato.odb' is closed by 4208@PC12

[2023-01-13 20:15:48 #9 store] 
Database 'D:\DAM2\AD\workspace\Tema4\data\campeonato.odb' is opened by 4208@PC12

[2023-01-13 20:15:48 #10 store] 
Configuration path: ?

[2023-01-13 20:15:48 #11 store] 
Database 'D:\DAM2\AD\workspace\Tema4\data\campeonato.odb' is closed by 4208@PC12

[2023-01-13 20:16:00 #12 store] 
Database 'D:\DAM2\AD\workspace\Tema4\data\campeonato.odb' is opened by 4208@PC12

[2023-01-13 20:16:00 #13 store] 
Configuration path: ?

[2023-01-13 20:16:00 #14 store] 
Database 'D:\DAM2\AD\workspace\Tema4\data\campeonato.odb' is closed by 4208@PC12

[2023-01-13 20:16:11 #15 store] 
Database 'D:\DAM2\AD\workspace\Tema4\data\campeonato.odb' is opened by 4208@PC12

[2023-01-13 20:16:11 #16 store] 
Configuration path: ?

[2023-01-13 20:16:12 #17 store] 
Database 'D:\DAM2\AD\workspace\Tema4\data\campeonato.odb' is closed by 4208@PC12

------------------------------------------------------------------------------------------------------------------------

[2023-01-13 20:29:42 #1 store] 
Database 'D:\DAM2\AD\workspace\Tema4\data\campeonato.odb' is opened by 3768@PC12

[2023-01-13 20:29:42 #2 store] 
Configuration path: ?

[2023-01-13 20:29:42 #3 type] 
Type modelo.Jugador is not enhanced.

[2023-01-13 20:29:42 #4 type] 
Type modelo.Fecha is not enhanced.

[2023-01-13 20:29:42 #5 type] 
Type modelo.Equipo is not enhanced.

[2023-01-13 20:29:42 #6 type] 
Type modelo.Partido is not enhanced.

[2023-01-13 20:29:42 #7 type] 
Type modelo.Resultado is not enhanced.

[2023-01-13 20:29:42 #8 store] 
Database 'D:\DAM2\AD\workspace\Tema4\data\campeonato.odb' is closed by 3768@PC12

[2023-01-13 20:29:47 #9 store] 
Database 'D:\DAM2\AD\workspace\Tema4\data\campeonato.odb' is opened by 3768@PC12

[2023-01-13 20:29:47 #10 store] 
Configuration path: ?

[2023-01-13 20:29:47 #11 store] 
Database 'D:\DAM2\AD\workspace\Tema4\data\campeonato.odb' is closed by 3768@PC12

[2023-01-13 20:29:59 #12 store] 
Database 'D:\DAM2\AD\workspace\Tema4\data\campeonato.odb' is opened by 3768@PC12

[2023-01-13 20:29:59 #13 store] 
Configuration path: ?

[2023-01-13 20:29:59 #14 store] 
Database 'D:\DAM2\AD\workspace\Tema4\data\campeonato.odb' is closed by 3768@PC12

------------------------------------------------------------------------------------------------------------------------

[2023-01-13 20:30:52 #1 store] 
Database 'D:\DAM2\AD\workspace\Tema4\data\campeonato.odb' is opened by 6136@PC12

[2023-01-13 20:30:52 #2 store] 
Configuration path: ?

[2023-01-13 20:30:53 #3 type] 
Type modelo.Jugador is not enhanced.

[2023-01-13 20:30:53 #4 type] 
Type modelo.Fecha is not enhanced.

[2023-01-13 20:30:53 #5 type] 
Type modelo.Equipo is not enhanced.

[2023-01-13 20:30:53 #6 type] 
Type modelo.Partido is not enhanced.

[2023-01-13 20:30:53 #7 type] 
Type modelo.Resultado is not enhanced.

[2023-01-13 20:30:53 #8 store] 
Database 'D:\DAM2\AD\workspace\Tema4\data\campeonato.odb' is closed by 6136@PC12

------------------------------------------------------------------------------------------------------------------------

[2023-01-13 20:31:18 #1 store] 
Database 'D:\DAM2\AD\workspace\Tema4\data\campeonato.odb' is opened by 11064@PC12

[2023-01-13 20:31:18 #2 store] 
Configuration path: ?

[2023-01-13 20:31:18 #3 type] 
Type modelo.Jugador is not enhanced.

[2023-01-13 20:31:18 #4 type] 
Type modelo.Fecha is not enhanced.

[2023-01-13 20:31:18 #5 type] 
Type modelo.Equipo is not enhanced.

[2023-01-13 20:31:18 #6 type] 
Type modelo.Partido is not enhanced.

[2023-01-13 20:31:18 #7 type] 
Type modelo.Resultado is not enhanced.

[2023-01-13 20:31:18 #8 store] 
Database 'D:\DAM2\AD\workspace\Tema4\data\campeonato.odb' is closed by 11064@PC12

[2023-01-13 20:31:29 #9 store] 
Database 'D:\DAM2\AD\workspace\Tema4\data\campeonato.odb' is opened by 11064@PC12

[2023-01-13 20:31:29 #10 store] 
Configuration path: ?

[2023-01-13 20:31:29 #11 store] 
Database 'D:\DAM2\AD\workspace\Tema4\data\campeonato.odb' is closed by 11064@PC12

[2023-01-13 20:31:40 #12 store] 
Database 'D:\DAM2\AD\workspace\Tema4\data\campeonato.odb' is opened by 11064@PC12

[2023-01-13 20:31:40 #13 store] 
Configuration path: ?

[2023-01-13 20:31:40 #14 store] 
Database 'D:\DAM2\AD\workspace\Tema4\data\campeonato.odb' is closed by 11064@PC12

[2023-01-13 20:31:55 #15 store] 
Database 'D:\DAM2\AD\workspace\Tema4\data\campeonato.odb' is opened by 11064@PC12

[2023-01-13 20:31:55 #16 store] 
Configuration path: ?

[2023-01-13 20:31:55 #17 store] 
Database 'D:\DAM2\AD\workspace\Tema4\data\campeonato.odb' is closed by 11064@PC12

[2023-01-13 20:31:55 #18 store] 
Database 'D:\DAM2\AD\workspace\Tema4\data\campeonato.odb' is opened by 11064@PC12

[2023-01-13 20:31:55 #19 store] 
Configuration path: ?

[2023-01-13 20:31:55 #20 store] 
Database 'D:\DAM2\AD\workspace\Tema4\data\campeonato.odb' is closed by 11064@PC12

------------------------------------------------------------------------------------------------------------------------

[2023-01-13 20:33:18 #1 store] 
Database 'D:\DAM2\AD\workspace\Tema4\data\campeonato.odb' is opened by 10104@PC12

[2023-01-13 20:33:18 #2 store] 
Configuration path: ?

[2023-01-13 20:33:18 #3 type] 
Type modelo.Jugador is not enhanced.

[2023-01-13 20:33:18 #4 type] 
Type modelo.Fecha is not enhanced.

[2023-01-13 20:33:18 #5 type] 
Type modelo.Equipo is not enhanced.

[2023-01-13 20:33:18 #6 type] 
Type modelo.Partido is not enhanced.

[2023-01-13 20:33:18 #7 type] 
Type modelo.Resultado is not enhanced.

[2023-01-13 20:33:18 #8 store] 
Database 'D:\DAM2\AD\workspace\Tema4\data\campeonato.odb' is closed by 10104@PC12

[2023-01-13 20:33:28 #9 store] 
Database 'D:\DAM2\AD\workspace\Tema4\data\campeonato.odb' is opened by 10104@PC12

[2023-01-13 20:33:28 #10 store] 
Configuration path: ?

[2023-01-13 20:33:28 #11 store] 
Database 'D:\DAM2\AD\workspace\Tema4\data\campeonato.odb' is closed by 10104@PC12

------------------------------------------------------------------------------------------------------------------------

[2023-01-13 20:33:41 #1 store] 
Database 'D:\DAM2\AD\workspace\Tema4\data\campeonato.odb' is opened by 6964@PC12

[2023-01-13 20:33:41 #2 store] 
Configuration path: ?

[2023-01-13 20:33:41 #3 type] 
Type modelo.Jugador is not enhanced.

[2023-01-13 20:33:41 #4 type] 
Type modelo.Fecha is not enhanced.

[2023-01-13 20:33:41 #5 type] 
Type modelo.Equipo is not enhanced.

[2023-01-13 20:33:41 #6 type] 
Type modelo.Partido is not enhanced.

[2023-01-13 20:33:41 #7 type] 
Type modelo.Resultado is not enhanced.

[2023-01-13 20:33:41 #8 store] 
Database 'D:\DAM2\AD\workspace\Tema4\data\campeonato.odb' is closed by 6964@PC12

[2023-01-13 20:33:45 #9 store] 
Database 'D:\DAM2\AD\workspace\Tema4\data\campeonato.odb' is opened by 6964@PC12

[2023-01-13 20:33:45 #10 store] 
Configuration path: ?

[2023-01-13 20:33:45 #11 store] 
Database 'D:\DAM2\AD\workspace\Tema4\data\campeonato.odb' is closed by 6964@PC12

[2023-01-13 20:33:52 #12 store] 
Database 'D:\DAM2\AD\workspace\Tema4\data\campeonato.odb' is opened by 6964@PC12

[2023-01-13 20:33:52 #13 store] 
Configuration path: ?

[2023-01-13 20:33:52 #14 store] 
Database 'D:\DAM2\AD\workspace\Tema4\data\campeonato.odb' is closed by 6964@PC12

[2023-01-13 20:33:52 #15 store] 
Database 'D:\DAM2\AD\workspace\Tema4\data\campeonato.odb' is opened by 6964@PC12

[2023-01-13 20:33:52 #16 store] 
Configuration path: ?

[2023-01-13 20:33:52 #17 store] 
Database 'D:\DAM2\AD\workspace\Tema4\data\campeonato.odb' is closed by 6964@PC12

[2023-01-13 20:33:54 #18 store] 
Database 'D:\DAM2\AD\workspace\Tema4\data\campeonato.odb' is opened by 6964@PC12

[2023-01-13 20:33:54 #19 store] 
Configuration path: ?

[2023-01-13 20:33:54 #20 store] 
Database 'D:\DAM2\AD\workspace\Tema4\data\campeonato.odb' is closed by 6964@PC12

