------------------------------------------------------------------------------------------------------------------------

[2023-01-23 19:16:59 #1 store] 
Database 'D:\DAM2\AD\workspace\AD_2evbdo_LainezRamosMarta\data\fichajes.odb' is opened by 5736@PC12

[2023-01-23 19:16:59 #2 store] 
Configuration path: ?

[2023-01-23 19:16:59 #3 type] 
Type modelo.Departamento is not enhanced.

[2023-01-23 19:16:59 #4 type] 
Type modelo.Empleado is not enhanced.

[2023-01-23 19:16:59 #5 type] 
Type modelo.Fecha is not enhanced.

[2023-01-23 19:16:59 #6 type] 
Type modelo.Fichaje is not enhanced.

[2023-01-23 19:16:59 #7 type] 
Type modelo.Tiempo is not enhanced.

[2023-01-23 19:16:59 #8 store] 
Database 'D:\DAM2\AD\workspace\AD_2evbdo_LainezRamosMarta\data\fichajes.odb' is closed by 5736@PC12

------------------------------------------------------------------------------------------------------------------------

[2023-01-23 19:40:23 #1 store] 
Database 'D:\DAM2\AD\workspace\AD_2evbdo_LainezRamosMarta\data\fichajes.odb' is opened by 9416@PC12

[2023-01-23 19:40:23 #2 store] 
Configuration path: ?

[2023-01-23 19:40:23 #3 type] 
Type modelo.Departamento is not enhanced.

[2023-01-23 19:40:23 #4 type] 
Type modelo.Empleado is not enhanced.

[2023-01-23 19:40:23 #5 type] 
Type modelo.Fecha is not enhanced.

[2023-01-23 19:40:23 #6 type] 
Type modelo.Fichaje is not enhanced.

[2023-01-23 19:40:23 #7 type] 
Type modelo.Tiempo is not enhanced.

[2023-01-23 19:40:23 #8 store] 
Database 'D:\DAM2\AD\workspace\AD_2evbdo_LainezRamosMarta\data\fichajes.odb' is closed by 9416@PC12

------------------------------------------------------------------------------------------------------------------------

[2023-01-23 19:54:35 #1 store] 
Database 'D:\DAM2\AD\workspace\AD_2evbdo_LainezRamosMarta\data\fichajes.odb' is opened by 1940@PC12

[2023-01-23 19:54:35 #2 store] 
Configuration path: ?

[2023-01-23 19:54:35 #3 type] 
Type modelo.Departamento is not enhanced.

[2023-01-23 19:54:35 #4 type] 
Type modelo.Empleado is not enhanced.

[2023-01-23 19:54:35 #5 type] 
Type modelo.Fecha is not enhanced.

[2023-01-23 19:54:35 #6 type] 
Type modelo.Fichaje is not enhanced.

[2023-01-23 19:54:35 #7 type] 
Type modelo.Tiempo is not enhanced.

[2023-01-23 19:54:35 #8 store] 
Database 'D:\DAM2\AD\workspace\AD_2evbdo_LainezRamosMarta\data\fichajes.odb' is closed by 1940@PC12

------------------------------------------------------------------------------------------------------------------------

[2023-01-23 19:56:45 #1 store] 
Database 'D:\DAM2\AD\workspace\AD_2evbdo_LainezRamosMarta\data\fichajes.odb' is opened by 8520@PC12

[2023-01-23 19:56:45 #2 store] 
Configuration path: ?

[2023-01-23 19:56:45 #3 type] 
Type modelo.Departamento is not enhanced.

[2023-01-23 19:56:45 #4 type] 
Type modelo.Empleado is not enhanced.

[2023-01-23 19:56:45 #5 type] 
Type modelo.Fecha is not enhanced.

[2023-01-23 19:56:45 #6 type] 
Type modelo.Fichaje is not enhanced.

[2023-01-23 19:56:45 #7 type] 
Type modelo.Tiempo is not enhanced.

[2023-01-23 19:56:45 #8 store] 
Database 'D:\DAM2\AD\workspace\AD_2evbdo_LainezRamosMarta\data\fichajes.odb' is closed by 8520@PC12

------------------------------------------------------------------------------------------------------------------------

[2023-01-23 19:57:21 #1 store] 
Database 'D:\DAM2\AD\workspace\AD_2evbdo_LainezRamosMarta\data\fichajes.odb' is opened by 11336@PC12

[2023-01-23 19:57:21 #2 store] 
Configuration path: ?

[2023-01-23 19:57:21 #3 type] 
Type modelo.Departamento is not enhanced.

[2023-01-23 19:57:21 #4 type] 
Type modelo.Empleado is not enhanced.

[2023-01-23 19:57:21 #5 type] 
Type modelo.Fecha is not enhanced.

[2023-01-23 19:57:21 #6 type] 
Type modelo.Fichaje is not enhanced.

[2023-01-23 19:57:21 #7 type] 
Type modelo.Tiempo is not enhanced.

[2023-01-23 19:57:21 #8 store] 
Database 'D:\DAM2\AD\workspace\AD_2evbdo_LainezRamosMarta\data\fichajes.odb' is closed by 11336@PC12

------------------------------------------------------------------------------------------------------------------------

[2023-01-23 19:57:30 #1 store] 
Database 'D:\DAM2\AD\workspace\AD_2evbdo_LainezRamosMarta\data\fichajes.odb' is opened by 11728@PC12

[2023-01-23 19:57:30 #2 store] 
Configuration path: ?

[2023-01-23 19:57:30 #3 type] 
Type modelo.Departamento is not enhanced.

[2023-01-23 19:57:30 #4 type] 
Type modelo.Empleado is not enhanced.

[2023-01-23 19:57:30 #5 type] 
Type modelo.Fecha is not enhanced.

[2023-01-23 19:57:30 #6 type] 
Type modelo.Fichaje is not enhanced.

[2023-01-23 19:57:30 #7 type] 
Type modelo.Tiempo is not enhanced.

[2023-01-23 19:57:30 #8 store] 
Database 'D:\DAM2\AD\workspace\AD_2evbdo_LainezRamosMarta\data\fichajes.odb' is closed by 11728@PC12

------------------------------------------------------------------------------------------------------------------------

[2023-01-23 20:01:07 #1 store] 
Database 'D:\DAM2\AD\workspace\AD_2evbdo_LainezRamosMarta\data\fichajes.odb' is opened by 10804@PC12

[2023-01-23 20:01:07 #2 store] 
Configuration path: ?

[2023-01-23 20:01:07 #3 type] 
Type modelo.Departamento is not enhanced.

[2023-01-23 20:01:07 #4 type] 
Type modelo.Empleado is not enhanced.

[2023-01-23 20:01:07 #5 type] 
Type modelo.Fecha is not enhanced.

[2023-01-23 20:01:07 #6 type] 
Type modelo.Fichaje is not enhanced.

[2023-01-23 20:01:07 #7 type] 
Type modelo.Tiempo is not enhanced.

[2023-01-23 20:01:07 #8 store] 
Database 'D:\DAM2\AD\workspace\AD_2evbdo_LainezRamosMarta\data\fichajes.odb' is closed by 10804@PC12

------------------------------------------------------------------------------------------------------------------------

[2023-01-23 20:01:15 #1 store] 
Database 'D:\DAM2\AD\workspace\AD_2evbdo_LainezRamosMarta\data\fichajes.odb' is opened by 9388@PC12

[2023-01-23 20:01:15 #2 store] 
Configuration path: ?

[2023-01-23 20:01:15 #3 type] 
Type modelo.Departamento is not enhanced.

[2023-01-23 20:01:15 #4 type] 
Type modelo.Empleado is not enhanced.

[2023-01-23 20:01:15 #5 type] 
Type modelo.Fecha is not enhanced.

[2023-01-23 20:01:15 #6 type] 
Type modelo.Fichaje is not enhanced.

[2023-01-23 20:01:15 #7 type] 
Type modelo.Tiempo is not enhanced.

[2023-01-23 20:01:15 #8 store] 
Database 'D:\DAM2\AD\workspace\AD_2evbdo_LainezRamosMarta\data\fichajes.odb' is closed by 9388@PC12

[2023-01-23 20:01:34 #9 store] 
Database 'D:\DAM2\AD\workspace\AD_2evbdo_LainezRamosMarta\data\fichajes.odb' is opened by 9388@PC12

[2023-01-23 20:01:34 #10 store] 
Configuration path: ?

[2023-01-23 20:01:34 #11 store] 
Database 'D:\DAM2\AD\workspace\AD_2evbdo_LainezRamosMarta\data\fichajes.odb' is closed by 9388@PC12

[2023-01-23 20:01:34 #12 store] 
Database 'D:\DAM2\AD\workspace\AD_2evbdo_LainezRamosMarta\data\fichajes.odb' is opened by 9388@PC12

[2023-01-23 20:01:34 #13 store] 
Configuration path: ?

[2023-01-23 20:01:34 #14 store] 
Database 'D:\DAM2\AD\workspace\AD_2evbdo_LainezRamosMarta\data\fichajes.odb' is closed by 9388@PC12

------------------------------------------------------------------------------------------------------------------------

[2023-01-23 20:01:44 #1 store] 
Database 'D:\DAM2\AD\workspace\AD_2evbdo_LainezRamosMarta\data\fichajes.odb' is opened by 800@PC12

[2023-01-23 20:01:44 #2 store] 
Configuration path: ?

[2023-01-23 20:01:45 #3 type] 
Type modelo.Departamento is not enhanced.

[2023-01-23 20:01:45 #4 type] 
Type modelo.Empleado is not enhanced.

[2023-01-23 20:01:45 #5 type] 
Type modelo.Fecha is not enhanced.

[2023-01-23 20:01:45 #6 type] 
Type modelo.Fichaje is not enhanced.

[2023-01-23 20:01:45 #7 type] 
Type modelo.Tiempo is not enhanced.

[2023-01-23 20:01:45 #8 store] 
Database 'D:\DAM2\AD\workspace\AD_2evbdo_LainezRamosMarta\data\fichajes.odb' is closed by 800@PC12

[2023-01-23 20:01:45 #9 store] 
Database 'D:\DAM2\AD\workspace\AD_2evbdo_LainezRamosMarta\data\fichajes.odb' is opened by 800@PC12

[2023-01-23 20:01:45 #10 store] 
Configuration path: ?

[2023-01-23 20:01:45 #11 store] 
Database 'D:\DAM2\AD\workspace\AD_2evbdo_LainezRamosMarta\data\fichajes.odb' is closed by 800@PC12

[2023-01-23 20:01:49 #12 store] 
Database 'D:\DAM2\AD\workspace\AD_2evbdo_LainezRamosMarta\data\fichajes.odb' is opened by 800@PC12

[2023-01-23 20:01:49 #13 store] 
Configuration path: ?

[2023-01-23 20:01:49 #14 store] 
Database 'D:\DAM2\AD\workspace\AD_2evbdo_LainezRamosMarta\data\fichajes.odb' is closed by 800@PC12

[2023-01-23 20:01:49 #15 store] 
Database 'D:\DAM2\AD\workspace\AD_2evbdo_LainezRamosMarta\data\fichajes.odb' is opened by 800@PC12

[2023-01-23 20:01:49 #16 store] 
Configuration path: ?

[2023-01-23 20:01:49 #17 store] 
Database 'D:\DAM2\AD\workspace\AD_2evbdo_LainezRamosMarta\data\fichajes.odb' is closed by 800@PC12

[2023-01-23 20:01:49 #18 store] 
Database 'D:\DAM2\AD\workspace\AD_2evbdo_LainezRamosMarta\data\fichajes.odb' is opened by 800@PC12

[2023-01-23 20:01:49 #19 store] 
Configuration path: ?

[2023-01-23 20:01:49 #20 *] 
java.lang.ClassCastException: class com.objectdb.o.NLT cannot be cast to class com.objectdb.o.UTY (com.objectdb.o.NLT and com.objectdb.o.UTY are in unnamed module of loader 'app')
	at com.objectdb.o.TVS.b(TVS.java:94)
	at com.objectdb.jpa.EMImpl.remove(EMImpl.java:443)
	at AccesoFichajes.eliminarDepartamento(AccesoFichajes.java:94)
	at GestorFichajes.eliminarDepartamento(GestorFichajes.java:58)
	at GestorFichajes.menu(GestorFichajes.java:85)
	at GestorFichajes.main(GestorFichajes.java:17)

[2023-01-23 20:01:49 #21 store] 
Database 'D:\DAM2\AD\workspace\AD_2evbdo_LainezRamosMarta\data\fichajes.odb' is closed by 800@PC12

------------------------------------------------------------------------------------------------------------------------

[2023-01-23 20:02:26 #1 store] 
Database 'D:\DAM2\AD\workspace\AD_2evbdo_LainezRamosMarta\data\fichajes.odb' is opened by 604@PC12

[2023-01-23 20:02:26 #2 store] 
Configuration path: ?

[2023-01-23 20:02:26 #3 type] 
Type modelo.Departamento is not enhanced.

[2023-01-23 20:02:26 #4 type] 
Type modelo.Empleado is not enhanced.

[2023-01-23 20:02:26 #5 type] 
Type modelo.Fecha is not enhanced.

[2023-01-23 20:02:26 #6 type] 
Type modelo.Fichaje is not enhanced.

[2023-01-23 20:02:26 #7 type] 
Type modelo.Tiempo is not enhanced.

[2023-01-23 20:02:26 #8 store] 
Database 'D:\DAM2\AD\workspace\AD_2evbdo_LainezRamosMarta\data\fichajes.odb' is closed by 604@PC12

[2023-01-23 20:02:27 #9 store] 
Database 'D:\DAM2\AD\workspace\AD_2evbdo_LainezRamosMarta\data\fichajes.odb' is opened by 604@PC12

[2023-01-23 20:02:27 #10 store] 
Configuration path: ?

[2023-01-23 20:02:27 #11 store] 
Database 'D:\DAM2\AD\workspace\AD_2evbdo_LainezRamosMarta\data\fichajes.odb' is closed by 604@PC12

[2023-01-23 20:02:27 #12 store] 
Database 'D:\DAM2\AD\workspace\AD_2evbdo_LainezRamosMarta\data\fichajes.odb' is opened by 604@PC12

[2023-01-23 20:02:27 #13 store] 
Configuration path: ?

[2023-01-23 20:02:27 #14 store] 
Database 'D:\DAM2\AD\workspace\AD_2evbdo_LainezRamosMarta\data\fichajes.odb' is closed by 604@PC12

------------------------------------------------------------------------------------------------------------------------

[2023-01-23 20:11:12 #1 store] 
Database 'D:\DAM2\AD\workspace\AD_2evbdo_LainezRamosMarta\data\fichajes.odb' is opened by 10932@PC12

[2023-01-23 20:11:12 #2 store] 
Configuration path: ?

[2023-01-23 20:11:12 #3 type] 
Type modelo.Departamento is not enhanced.

[2023-01-23 20:11:12 #4 type] 
Type modelo.Empleado is not enhanced.

[2023-01-23 20:11:12 #5 type] 
Type modelo.Fecha is not enhanced.

[2023-01-23 20:11:12 #6 type] 
Type modelo.Fichaje is not enhanced.

[2023-01-23 20:11:12 #7 type] 
Type modelo.Tiempo is not enhanced.

[2023-01-23 20:11:12 #8 store] 
Database 'D:\DAM2\AD\workspace\AD_2evbdo_LainezRamosMarta\data\fichajes.odb' is closed by 10932@PC12

[2023-01-23 20:11:18 #9 store] 
Database 'D:\DAM2\AD\workspace\AD_2evbdo_LainezRamosMarta\data\fichajes.odb' is opened by 10932@PC12

[2023-01-23 20:11:18 #10 store] 
Configuration path: ?

[2023-01-23 20:11:18 #11 store] 
Database 'D:\DAM2\AD\workspace\AD_2evbdo_LainezRamosMarta\data\fichajes.odb' is closed by 10932@PC12

[2023-01-23 20:11:22 #12 store] 
Database 'D:\DAM2\AD\workspace\AD_2evbdo_LainezRamosMarta\data\fichajes.odb' is opened by 10932@PC12

[2023-01-23 20:11:22 #13 store] 
Configuration path: ?

[2023-01-23 20:11:22 #14 store] 
Database 'D:\DAM2\AD\workspace\AD_2evbdo_LainezRamosMarta\data\fichajes.odb' is closed by 10932@PC12

[2023-01-23 20:11:27 #15 store] 
Database 'D:\DAM2\AD\workspace\AD_2evbdo_LainezRamosMarta\data\fichajes.odb' is opened by 10932@PC12

[2023-01-23 20:11:27 #16 store] 
Configuration path: ?

[2023-01-23 20:11:27 #17 store] 
Database 'D:\DAM2\AD\workspace\AD_2evbdo_LainezRamosMarta\data\fichajes.odb' is closed by 10932@PC12

[2023-01-23 20:11:28 #18 store] 
Database 'D:\DAM2\AD\workspace\AD_2evbdo_LainezRamosMarta\data\fichajes.odb' is opened by 10932@PC12

[2023-01-23 20:11:28 #19 store] 
Configuration path: ?

[2023-01-23 20:11:28 #20 store] 
Database 'D:\DAM2\AD\workspace\AD_2evbdo_LainezRamosMarta\data\fichajes.odb' is closed by 10932@PC12

[2023-01-23 20:11:28 #21 store] 
Database 'D:\DAM2\AD\workspace\AD_2evbdo_LainezRamosMarta\data\fichajes.odb' is opened by 10932@PC12

[2023-01-23 20:11:28 #22 store] 
Configuration path: ?

[2023-01-23 20:11:28 #23 store] 
Database 'D:\DAM2\AD\workspace\AD_2evbdo_LainezRamosMarta\data\fichajes.odb' is closed by 10932@PC12

------------------------------------------------------------------------------------------------------------------------

[2023-01-23 20:24:14 #1 store] 
Database 'D:\DAM2\AD\workspace\AD_2evbdo_LainezRamosMarta\data\fichajes.odb' is opened by 9368@PC12

[2023-01-23 20:24:14 #2 store] 
Configuration path: ?

[2023-01-23 20:24:14 #3 type] 
Type modelo.Departamento is not enhanced.

[2023-01-23 20:24:14 #4 type] 
Type modelo.Empleado is not enhanced.

[2023-01-23 20:24:14 #5 type] 
Type modelo.Fecha is not enhanced.

[2023-01-23 20:24:14 #6 type] 
Type modelo.Fichaje is not enhanced.

[2023-01-23 20:24:14 #7 type] 
Type modelo.Tiempo is not enhanced.

[2023-01-23 20:24:14 #8 store] 
Database 'D:\DAM2\AD\workspace\AD_2evbdo_LainezRamosMarta\data\fichajes.odb' is closed by 9368@PC12

[2023-01-23 20:24:42 #9 store] 
Database 'D:\DAM2\AD\workspace\AD_2evbdo_LainezRamosMarta\data\fichajes.odb' is opened by 9368@PC12

[2023-01-23 20:24:42 #10 store] 
Configuration path: ?

[2023-01-23 20:24:42 #11 store] 
Database 'D:\DAM2\AD\workspace\AD_2evbdo_LainezRamosMarta\data\fichajes.odb' is closed by 9368@PC12

[2023-01-23 20:25:04 #12 store] 
Database 'D:\DAM2\AD\workspace\AD_2evbdo_LainezRamosMarta\data\fichajes.odb' is opened by 9368@PC12

[2023-01-23 20:25:04 #13 store] 
Configuration path: ?

[2023-01-23 20:25:04 #14 store] 
Database 'D:\DAM2\AD\workspace\AD_2evbdo_LainezRamosMarta\data\fichajes.odb' is closed by 9368@PC12

[2023-01-23 20:25:04 #15 store] 
Database 'D:\DAM2\AD\workspace\AD_2evbdo_LainezRamosMarta\data\fichajes.odb' is opened by 9368@PC12

[2023-01-23 20:25:04 #16 store] 
Configuration path: ?

[2023-01-23 20:25:04 #17 store] 
Database 'D:\DAM2\AD\workspace\AD_2evbdo_LainezRamosMarta\data\fichajes.odb' is closed by 9368@PC12

[2023-01-23 20:25:04 #18 store] 
Database 'D:\DAM2\AD\workspace\AD_2evbdo_LainezRamosMarta\data\fichajes.odb' is opened by 9368@PC12

[2023-01-23 20:25:04 #19 store] 
Configuration path: ?

[2023-01-23 20:25:04 #20 store] 
Database 'D:\DAM2\AD\workspace\AD_2evbdo_LainezRamosMarta\data\fichajes.odb' is closed by 9368@PC12

[2023-01-23 20:25:24 #21 store] 
Database 'D:\DAM2\AD\workspace\AD_2evbdo_LainezRamosMarta\data\fichajes.odb' is opened by 9368@PC12

[2023-01-23 20:25:24 #22 store] 
Configuration path: ?

[2023-01-23 20:25:24 #23 store] 
Database 'D:\DAM2\AD\workspace\AD_2evbdo_LainezRamosMarta\data\fichajes.odb' is closed by 9368@PC12

[2023-01-23 20:25:24 #24 store] 
Database 'D:\DAM2\AD\workspace\AD_2evbdo_LainezRamosMarta\data\fichajes.odb' is opened by 9368@PC12

[2023-01-23 20:25:24 #25 store] 
Configuration path: ?

[2023-01-23 20:25:24 #26 store] 
Database 'D:\DAM2\AD\workspace\AD_2evbdo_LainezRamosMarta\data\fichajes.odb' is closed by 9368@PC12

[2023-01-23 20:25:47 #27 store] 
Database 'D:\DAM2\AD\workspace\AD_2evbdo_LainezRamosMarta\data\fichajes.odb' is opened by 9368@PC12

[2023-01-23 20:25:47 #28 store] 
Configuration path: ?

[2023-01-23 20:25:47 #29 store] 
Database 'D:\DAM2\AD\workspace\AD_2evbdo_LainezRamosMarta\data\fichajes.odb' is closed by 9368@PC12

[2023-01-23 20:25:56 #30 store] 
Database 'D:\DAM2\AD\workspace\AD_2evbdo_LainezRamosMarta\data\fichajes.odb' is opened by 9368@PC12

[2023-01-23 20:25:56 #31 store] 
Configuration path: ?

[2023-01-23 20:25:56 #32 store] 
Database 'D:\DAM2\AD\workspace\AD_2evbdo_LainezRamosMarta\data\fichajes.odb' is closed by 9368@PC12

[2023-01-23 20:26:26 #33 store] 
Database 'D:\DAM2\AD\workspace\AD_2evbdo_LainezRamosMarta\data\fichajes.odb' is opened by 9368@PC12

[2023-01-23 20:26:26 #34 store] 
Configuration path: ?

[2023-01-23 20:26:26 #35 store] 
Database 'D:\DAM2\AD\workspace\AD_2evbdo_LainezRamosMarta\data\fichajes.odb' is closed by 9368@PC12

------------------------------------------------------------------------------------------------------------------------

[2023-01-23 20:26:58 #1 store] 
Database 'D:\DAM2\AD\workspace\AD_2evbdo_LainezRamosMarta\data\fichajes.odb' is opened by 7492@PC12

[2023-01-23 20:26:58 #2 store] 
Configuration path: ?

[2023-01-23 20:26:58 #3 type] 
Type modelo.Departamento is not enhanced.

[2023-01-23 20:26:58 #4 type] 
Type modelo.Empleado is not enhanced.

[2023-01-23 20:26:58 #5 type] 
Type modelo.Fecha is not enhanced.

[2023-01-23 20:26:58 #6 type] 
Type modelo.Fichaje is not enhanced.

[2023-01-23 20:26:58 #7 type] 
Type modelo.Tiempo is not enhanced.

[2023-01-23 20:26:58 #8 store] 
Database 'D:\DAM2\AD\workspace\AD_2evbdo_LainezRamosMarta\data\fichajes.odb' is closed by 7492@PC12

[2023-01-23 20:27:04 #9 store] 
Database 'D:\DAM2\AD\workspace\AD_2evbdo_LainezRamosMarta\data\fichajes.odb' is opened by 7492@PC12

[2023-01-23 20:27:04 #10 store] 
Configuration path: ?

[2023-01-23 20:27:04 #11 store] 
Database 'D:\DAM2\AD\workspace\AD_2evbdo_LainezRamosMarta\data\fichajes.odb' is closed by 7492@PC12

[2023-01-23 20:27:04 #12 store] 
Database 'D:\DAM2\AD\workspace\AD_2evbdo_LainezRamosMarta\data\fichajes.odb' is opened by 7492@PC12

[2023-01-23 20:27:04 #13 store] 
Configuration path: ?

[2023-01-23 20:27:04 #14 store] 
Database 'D:\DAM2\AD\workspace\AD_2evbdo_LainezRamosMarta\data\fichajes.odb' is closed by 7492@PC12

