------------------------------------------------------------------------------------------------------------------------

[2023-01-15 19:06:43 #1 store] 
Database 'D:\FP2\DAM2\AD\workspace\UD1 - Ejemplos ObjectDB [Eclipse Java]\data\campeonato.odb' is opened by 15668@SalsaOverPower

[2023-01-15 19:06:43 #2 store] 
Configuration path: ?

[2023-01-15 19:06:43 #3 type] 
Type modelo.Jugador is not enhanced.

[2023-01-15 19:06:43 #4 type] 
Type modelo.Equipo is not enhanced.

[2023-01-15 19:06:43 #5 type] 
Type modelo.Partido is not enhanced.

------------------------------------------------------------------------------------------------------------------------

[2023-01-15 19:06:50 #1 store] 
Database 'D:\FP2\DAM2\AD\workspace\UD1 - Ejemplos ObjectDB [Eclipse Java]\data\campeonato.odb' is opened by 15848@SalsaOverPower

[2023-01-15 19:06:50 #2 store] 
Configuration path: ?

[2023-01-15 19:06:50 #3 type] 
Type modelo.Jugador is not enhanced.

[2023-01-15 19:06:50 #4 type] 
Type modelo.Equipo is not enhanced.

[2023-01-15 19:06:50 #5 type] 
Type modelo.Partido is not enhanced.

------------------------------------------------------------------------------------------------------------------------

[2023-01-15 19:07:05 #1 store] 
Database 'D:\FP2\DAM2\AD\workspace\UD1 - Ejemplos ObjectDB [Eclipse Java]\data\campeonato.odb' is opened by 13972@SalsaOverPower

[2023-01-15 19:07:05 #2 store] 
Configuration path: ?

[2023-01-15 19:07:05 #3 type] 
Type modelo.Jugador is not enhanced.

[2023-01-15 19:07:05 #4 type] 
Type modelo.Equipo is not enhanced.

[2023-01-15 19:07:05 #5 type] 
Type modelo.Partido is not enhanced.

------------------------------------------------------------------------------------------------------------------------

[2023-01-15 19:07:18 #1 store] 
Database 'D:\FP2\DAM2\AD\workspace\UD1 - Ejemplos ObjectDB [Eclipse Java]\data\campeonato.odb' is opened by 12248@SalsaOverPower

[2023-01-15 19:07:18 #2 store] 
Configuration path: ?

[2023-01-15 19:07:18 #3 type] 
Type modelo.Jugador is not enhanced.

[2023-01-15 19:07:18 #4 type] 
Type modelo.Equipo is not enhanced.

[2023-01-15 19:07:18 #5 type] 
Type modelo.Partido is not enhanced.

------------------------------------------------------------------------------------------------------------------------

[2023-01-15 19:07:55 #1 store] 
Database 'D:\FP2\DAM2\AD\workspace\UD1 - Ejemplos ObjectDB [Eclipse Java]\data\campeonato.odb' is opened by 17236@SalsaOverPower

[2023-01-15 19:07:55 #2 store] 
Configuration path: ?

[2023-01-15 19:07:55 #3 type] 
Type modelo.Jugador is not enhanced.

[2023-01-15 19:07:55 #4 type] 
Type modelo.Equipo is not enhanced.

[2023-01-15 19:07:55 #5 type] 
Type modelo.Partido is not enhanced.

------------------------------------------------------------------------------------------------------------------------

[2023-01-15 19:13:49 #1 store] 
Database 'D:\FP2\DAM2\AD\workspace\UD1 - Ejemplos ObjectDB [Eclipse Java]\data\campeonato.odb' is opened by 11280@SalsaOverPower

[2023-01-15 19:13:49 #2 store] 
Configuration path: ?

[2023-01-15 19:13:50 #3 type] 
Type modelo.Jugador is not enhanced.

[2023-01-15 19:13:50 #4 type] 
Type modelo.Equipo is not enhanced.

[2023-01-15 19:13:50 #5 type] 
Type modelo.Partido is not enhanced.

------------------------------------------------------------------------------------------------------------------------

[2023-01-15 19:15:02 #1 store] 
Database 'D:\FP2\DAM2\AD\workspace\UD1 - Ejemplos ObjectDB [Eclipse Java]\data\campeonato.odb' is opened by 17028@SalsaOverPower

[2023-01-15 19:15:02 #2 store] 
Configuration path: ?

[2023-01-15 19:15:02 #3 type] 
Type modelo.Jugador is not enhanced.

[2023-01-15 19:15:02 #4 type] 
Type modelo.Equipo is not enhanced.

[2023-01-15 19:15:02 #5 type] 
Type modelo.Partido is not enhanced.

