------------------------------------------------------------------------------------------------------------------------

[2023-01-23 19:36:21 #1 store] 
Database 'D:\DAM2\AD\workspace\Tema4\data\campeonato.odb' is opened by 5328@PC12

[2023-01-23 19:36:21 #2 store] 
Configuration path: ?

[2023-01-23 19:36:21 #3 type] 
Type modelo.Jugador is not enhanced.

[2023-01-23 19:36:21 #4 type] 
Type modelo.Fecha is not enhanced.

[2023-01-23 19:36:21 #5 type] 
Type modelo.Equipo is not enhanced.

[2023-01-23 19:36:21 #6 type] 
Type modelo.Partido is not enhanced.

[2023-01-23 19:36:21 #7 type] 
Type modelo.Resultado is not enhanced.

[2023-01-23 19:36:21 #8 store] 
Database 'D:\DAM2\AD\workspace\Tema4\data\campeonato.odb' is closed by 5328@PC12

[2023-01-23 19:36:22 #9 store] 
Database 'D:\DAM2\AD\workspace\Tema4\data\campeonato.odb' is opened by 5328@PC12

[2023-01-23 19:36:22 #10 store] 
Configuration path: ?

[2023-01-23 19:36:22 #11 store] 
Database 'D:\DAM2\AD\workspace\Tema4\data\campeonato.odb' is closed by 5328@PC12

